[2019-06-25 04:23:04.917] [INFO] pomelo - [32m[/usr/local/games/hlbgame/game-server/node_modules/pomelo/lib/application.js] [39mapplication inited: "connector-server-2"
[2019-06-25 04:23:06.435] [INFO] pomelo - [32m[/usr/local/games/hlbgame/game-server/node_modules/pomelo/lib/application.js] [39m"connector-server-2" enter after start...
[2019-06-25 04:23:06.443] [INFO] pomelo - [32m[/usr/local/games/hlbgame/game-server/node_modules/pomelo/lib/application.js] [39m"connector-server-2" finish start
[2019-06-25 04:23:06.448] [INFO] pomelo - [32m[/usr/local/games/hlbgame/game-server/node_modules/pomelo/lib/application.js] [39m"connector-server-2" startup in 1345 ms
[2019-06-25 04:23:07.253] [DEBUG] pomelo - [36m[/usr/local/games/hlbgame/game-server/node_modules/pomelo/lib/modules/monitorwatcher.js] [39m[connector-server-2] receive addServer signal: {"action":"addServer","server":{"main":"/usr/local/games/hlbgame/game-server/app.js","env":"development","id":"gate-server-1","host":"127.0.0.1","clientPort":4000,"frontend":"true","serverType":"gate"}}
[2019-06-25 04:23:07.453] [DEBUG] pomelo - [36m[/usr/local/games/hlbgame/game-server/node_modules/pomelo/lib/modules/monitorwatcher.js] [39m[connector-server-2] receive addServer signal: {"action":"addServer","server":{"main":"/usr/local/games/hlbgame/game-server/app.js","env":"development","id":"login-server-1","host":"127.0.0.1","port":3200,"clientHost":"127.0.0.1","clientPort":4200,"frontend":"true","serverType":"login"}}
[2019-06-25 04:50:08.701] [INFO] pomelo - [32m[/usr/local/games/hlbgame/game-server/node_modules/pomelo/lib/application.js] [39mapplication inited: "connector-server-2"
[2019-06-25 04:50:10.222] [INFO] pomelo - [32m[/usr/local/games/hlbgame/game-server/node_modules/pomelo/lib/application.js] [39m"connector-server-2" enter after start...
[2019-06-25 04:50:10.224] [INFO] pomelo - [32m[/usr/local/games/hlbgame/game-server/node_modules/pomelo/lib/application.js] [39m"connector-server-2" finish start
[2019-06-25 04:50:10.225] [INFO] pomelo - [32m[/usr/local/games/hlbgame/game-server/node_modules/pomelo/lib/application.js] [39m"connector-server-2" startup in 1333 ms
[2019-06-25 04:50:11.138] [DEBUG] pomelo - [36m[/usr/local/games/hlbgame/game-server/node_modules/pomelo/lib/modules/monitorwatcher.js] [39m[connector-server-2] receive addServer signal: {"action":"addServer","server":{"main":"/usr/local/games/hlbgame/game-server/app.js","env":"development","id":"gate-server-1","host":"127.0.0.1","clientPort":4000,"frontend":"true","serverType":"gate"}}
[2019-06-25 04:50:11.265] [DEBUG] pomelo - [36m[/usr/local/games/hlbgame/game-server/node_modules/pomelo/lib/modules/monitorwatcher.js] [39m[connector-server-2] receive addServer signal: {"action":"addServer","server":{"main":"/usr/local/games/hlbgame/game-server/app.js","env":"development","id":"login-server-1","host":"127.0.0.1","port":3200,"clientHost":"127.0.0.1","clientPort":4200,"frontend":"true","serverType":"login"}}
[2019-06-25 04:52:18.315] [INFO] pomelo - [32m[/usr/local/games/hlbgame/game-server/node_modules/pomelo/lib/application.js] [39mapplication inited: "connector-server-2"
[2019-06-25 04:52:19.643] [INFO] pomelo - [32m[/usr/local/games/hlbgame/game-server/node_modules/pomelo/lib/application.js] [39m"connector-server-2" enter after start...
[2019-06-25 04:52:19.646] [INFO] pomelo - [32m[/usr/local/games/hlbgame/game-server/node_modules/pomelo/lib/application.js] [39m"connector-server-2" finish start
[2019-06-25 04:52:19.647] [INFO] pomelo - [32m[/usr/local/games/hlbgame/game-server/node_modules/pomelo/lib/application.js] [39m"connector-server-2" startup in 1161 ms
[2019-06-25 04:52:20.538] [DEBUG] pomelo - [36m[/usr/local/games/hlbgame/game-server/node_modules/pomelo/lib/modules/monitorwatcher.js] [39m[connector-server-2] receive addServer signal: {"action":"addServer","server":{"main":"/usr/local/games/hlbgame/game-server/app.js","env":"development","id":"login-server-1","host":"127.0.0.1","port":3200,"clientHost":"127.0.0.1","clientPort":4200,"frontend":"true","serverType":"login"}}
[2019-06-25 04:52:20.544] [DEBUG] pomelo - [36m[/usr/local/games/hlbgame/game-server/node_modules/pomelo/lib/modules/monitorwatcher.js] [39m[connector-server-2] receive addServer signal: {"action":"addServer","server":{"main":"/usr/local/games/hlbgame/game-server/app.js","env":"development","id":"gate-server-1","host":"127.0.0.1","clientPort":4000,"frontend":"true","serverType":"gate"}}
[2019-06-25 04:58:03.299] [INFO] pomelo - [32m[/usr/local/games/hlbgame/game-server/node_modules/pomelo/lib/application.js] [39mapplication inited: "connector-server-2"
[2019-06-25 04:58:05.971] [INFO] pomelo - [32m[/usr/local/games/hlbgame/game-server/node_modules/pomelo/lib/application.js] [39m"connector-server-2" enter after start...
[2019-06-25 04:58:05.974] [INFO] pomelo - [32m[/usr/local/games/hlbgame/game-server/node_modules/pomelo/lib/application.js] [39m"connector-server-2" finish start
[2019-06-25 04:58:05.975] [INFO] pomelo - [32m[/usr/local/games/hlbgame/game-server/node_modules/pomelo/lib/application.js] [39m"connector-server-2" startup in 2349 ms
[2019-06-25 04:58:06.559] [DEBUG] pomelo - [36m[/usr/local/games/hlbgame/game-server/node_modules/pomelo/lib/modules/monitorwatcher.js] [39m[connector-server-2] receive addServer signal: {"action":"addServer","server":{"main":"/usr/local/games/hlbgame/game-server/app.js","env":"development","id":"login-server-3","host":"127.0.0.1","port":6052,"serverType":"login"}}
[2019-06-25 04:58:06.622] [DEBUG] pomelo - [36m[/usr/local/games/hlbgame/game-server/node_modules/pomelo/lib/modules/monitorwatcher.js] [39m[connector-server-2] receive addServer signal: {"action":"addServer","server":{"main":"/usr/local/games/hlbgame/game-server/app.js","env":"development","id":"login-server-1","host":"127.0.0.1","port":6050,"serverType":"login"}}
[2019-06-25 04:58:06.622] [DEBUG] pomelo - [36m[/usr/local/games/hlbgame/game-server/node_modules/pomelo/lib/modules/monitorwatcher.js] [39m[connector-server-2] receive addServer signal: {"action":"addServer","server":{"main":"/usr/local/games/hlbgame/game-server/app.js","env":"development","id":"login-server-2","host":"127.0.0.1","port":6051,"serverType":"login"}}
[2019-06-25 04:58:06.910] [DEBUG] pomelo - [36m[/usr/local/games/hlbgame/game-server/node_modules/pomelo/lib/modules/monitorwatcher.js] [39m[connector-server-2] receive addServer signal: {"action":"addServer","server":{"main":"/usr/local/games/hlbgame/game-server/app.js","env":"development","id":"gate-server-1","host":"127.0.0.1","clientPort":3014,"frontend":"true","serverType":"gate"}}
[2019-06-25 06:58:17.515] [INFO] pomelo - [32m[/usr/local/games/hlbgame/game-server/node_modules/pomelo/lib/application.js] [39mapplication inited: "connector-server-2"
[2019-06-25 06:58:21.441] [INFO] pomelo - [32m[/usr/local/games/hlbgame/game-server/node_modules/pomelo/lib/application.js] [39m"connector-server-2" enter after start...
[2019-06-25 06:58:21.451] [INFO] pomelo - [32m[/usr/local/games/hlbgame/game-server/node_modules/pomelo/lib/application.js] [39m"connector-server-2" finish start
[2019-06-25 06:58:21.456] [INFO] pomelo - [32m[/usr/local/games/hlbgame/game-server/node_modules/pomelo/lib/application.js] [39m"connector-server-2" startup in 3086 ms
[2019-06-25 07:11:05.626] [INFO] pomelo - [32m[/usr/local/games/hlbgame/game-server/node_modules/pomelo/lib/application.js] [39mapplication inited: "connector-server-2"
[2019-06-25 07:11:08.047] [INFO] pomelo - [32m[/usr/local/games/hlbgame/game-server/node_modules/pomelo/lib/application.js] [39m"connector-server-2" enter after start...
[2019-06-25 07:11:08.058] [DEBUG] pomelo - [36m[/usr/local/games/hlbgame/game-server/node_modules/pomelo/lib/modules/monitorwatcher.js] [39m[connector-server-2] receive addServer signal: {"action":"addServer","server":{"main":"/usr/local/games/hlbgame/game-server/app.js","env":"development","id":"connector-server-1","host":"127.0.0.1","port":4050,"clientPort":3050,"frontend":"true","serverType":"connector","pid":4024}}
[2019-06-25 07:11:08.076] [INFO] pomelo - [32m[/usr/local/games/hlbgame/game-server/node_modules/pomelo/lib/application.js] [39m"connector-server-2" finish start
[2019-06-25 07:11:08.087] [INFO] pomelo - [32m[/usr/local/games/hlbgame/game-server/node_modules/pomelo/lib/application.js] [39m"connector-server-2" startup in 2089 ms
[2019-06-25 07:11:08.161] [DEBUG] pomelo - [36m[/usr/local/games/hlbgame/game-server/node_modules/pomelo/lib/modules/monitorwatcher.js] [39m[connector-server-2] receive addServer signal: {"action":"addServer","server":{"main":"/usr/local/games/hlbgame/game-server/app.js","env":"development","id":"connector-server-3","host":"127.0.0.1","port":4052,"clientPort":3052,"frontend":"true","serverType":"connector","pid":4032}}
[2019-06-25 07:11:08.379] [DEBUG] pomelo - [36m[/usr/local/games/hlbgame/game-server/node_modules/pomelo/lib/modules/monitorwatcher.js] [39m[connector-server-2] receive addServer signal: {"action":"addServer","server":{"main":"/usr/local/games/hlbgame/game-server/app.js","env":"development","id":"login-server-1","host":"127.0.0.1","port":5050,"serverType":"login","pid":4043}}
[2019-06-25 07:11:08.474] [DEBUG] pomelo - [36m[/usr/local/games/hlbgame/game-server/node_modules/pomelo/lib/modules/monitorwatcher.js] [39m[connector-server-2] receive addServer signal: {"action":"addServer","server":{"main":"/usr/local/games/hlbgame/game-server/app.js","env":"development","id":"login-server-2","host":"127.0.0.1","port":5051,"serverType":"login","pid":4045}}
[2019-06-26 04:11:48.434] [INFO] pomelo - [32m[/usr/local/games/hlbgame/game-server/node_modules/pomelo/lib/application.js] [39mapplication inited: "connector-server-2"
[2019-06-26 04:11:51.519] [INFO] pomelo - [32m[/usr/local/games/hlbgame/game-server/node_modules/pomelo/lib/application.js] [39m"connector-server-2" enter after start...
[2019-06-26 04:11:51.526] [INFO] pomelo - [32m[/usr/local/games/hlbgame/game-server/node_modules/pomelo/lib/application.js] [39m"connector-server-2" finish start
[2019-06-26 04:11:51.539] [INFO] pomelo - [32m[/usr/local/games/hlbgame/game-server/node_modules/pomelo/lib/application.js] [39m"connector-server-2" startup in 2751 ms
[2019-06-26 04:11:51.635] [DEBUG] pomelo - [36m[/usr/local/games/hlbgame/game-server/node_modules/pomelo/lib/modules/monitorwatcher.js] [39m[connector-server-2] receive addServer signal: {"action":"addServer","server":{"main":"/usr/local/games/hlbgame/game-server/app.js","env":"development","id":"login-server-3","host":"127.0.0.1","port":5052,"serverType":"login","pid":4453}}
[2019-06-26 04:28:14.865] [INFO] pomelo - [32m[/usr/local/games/hlbgame/game-server/node_modules/pomelo/lib/application.js] [39mapplication inited: "connector-server-2"
[2019-06-26 04:28:18.128] [INFO] pomelo - [32m[/usr/local/games/hlbgame/game-server/node_modules/pomelo/lib/application.js] [39m"connector-server-2" enter after start...
[2019-06-26 04:28:18.131] [INFO] pomelo - [32m[/usr/local/games/hlbgame/game-server/node_modules/pomelo/lib/application.js] [39m"connector-server-2" finish start
[2019-06-26 04:28:18.132] [INFO] pomelo - [32m[/usr/local/games/hlbgame/game-server/node_modules/pomelo/lib/application.js] [39m"connector-server-2" startup in 2894 ms
[2019-06-26 04:30:06.053] [INFO] pomelo - [32m[/usr/local/games/hlbgame/game-server/node_modules/pomelo/lib/application.js] [39mapplication inited: "connector-server-2"
[2019-06-26 04:30:08.921] [INFO] pomelo - [32m[/usr/local/games/hlbgame/game-server/node_modules/pomelo/lib/application.js] [39m"connector-server-2" enter after start...
[2019-06-26 04:30:08.923] [INFO] pomelo - [32m[/usr/local/games/hlbgame/game-server/node_modules/pomelo/lib/application.js] [39m"connector-server-2" finish start
[2019-06-26 04:30:08.923] [INFO] pomelo - [32m[/usr/local/games/hlbgame/game-server/node_modules/pomelo/lib/application.js] [39m"connector-server-2" startup in 2526 ms
[2019-07-01 23:29:08.596] [INFO] pomelo - [32m[/usr/local/games/hlbgame/game-server/node_modules/pomelo/lib/application.js] [39mapplication inited: "connector-server-2"
[2019-07-01 23:29:12.603] [INFO] pomelo - [32m[/usr/local/games/hlbgame/game-server/node_modules/pomelo/lib/application.js] [39m"connector-server-2" enter after start...
[2019-07-01 23:29:12.615] [INFO] pomelo - [32m[/usr/local/games/hlbgame/game-server/node_modules/pomelo/lib/application.js] [39m"connector-server-2" finish start
[2019-07-01 23:29:12.621] [INFO] pomelo - [32m[/usr/local/games/hlbgame/game-server/node_modules/pomelo/lib/application.js] [39m"connector-server-2" startup in 3580 ms
[2019-07-01 23:29:24.093] [DEBUG] pomelo - [36m[/usr/local/games/hlbgame/game-server/node_modules/pomelo/lib/components/connector.js] [39m[connector-server-2] getSession session is created with session id: 1
[2019-07-01 23:29:24.134] [DEBUG] pomelo - [36m[/usr/local/games/hlbgame/game-server/node_modules/pomelo/lib/components/connector.js] [39m[connector-server-2] handleMessage session id: 1, msg: {"id":2,"type":0,"compressRoute":1,"route":"login.loginHandler.login","body":{},"compressGzip":0}
[2019-07-01 23:29:24.151] [DEBUG] pomelo - [36m[/usr/local/games/hlbgame/game-server/node_modules/pomelo/lib/components/connector.js] [39m[connector-server-2] send message reqId: 2, route: login.loginHandler.login, msg: {"code":200,"msg":"login server is ok."}, receivers: [1], opts: {"type":"response","userOptions":{},"isResponse":true}
[2019-07-01 23:30:24.717] [DEBUG] pomelo - [36m[/usr/local/games/hlbgame/game-server/node_modules/pomelo/lib/common/service/sessionService.js] [39msession on [connector-server-2] is closed with session id: 1
[2019-07-03 23:29:10.337] [DEBUG] pomelo - [36m[/usr/local/games/hlbgame/game-server/node_modules/pomelo/lib/components/connector.js] [39m[connector-server-2] getSession session is created with session id: 2
[2019-07-03 23:29:10.978] [DEBUG] pomelo - [36m[/usr/local/games/hlbgame/game-server/node_modules/pomelo/lib/common/service/sessionService.js] [39msession on [connector-server-2] is closed with session id: 2
[2019-07-03 23:29:11.031] [DEBUG] pomelo - [36m[/usr/local/games/hlbgame/game-server/node_modules/pomelo/lib/components/connector.js] [39m[connector-server-2] getSession session is created with session id: 3
[2019-07-03 23:29:11.127] [DEBUG] pomelo - [36m[/usr/local/games/hlbgame/game-server/node_modules/pomelo/lib/components/connector.js] [39m[connector-server-2] handleMessage session id: 3, msg: {"id":3,"type":0,"compressRoute":1,"route":"login.loginHandler.login","body":{},"compressGzip":0}
[2019-07-03 23:29:11.980] [DEBUG] pomelo - [36m[/usr/local/games/hlbgame/game-server/node_modules/pomelo/lib/components/connector.js] [39m[connector-server-2] send message reqId: 3, route: login.loginHandler.login, msg: {"code":200,"msg":"login server is ok."}, receivers: [3], opts: {"type":"response","userOptions":{},"isResponse":true}
[2019-07-03 23:29:12.117] [DEBUG] pomelo - [36m[/usr/local/games/hlbgame/game-server/node_modules/pomelo/lib/components/connector.js] [39m[connector-server-2] getSession session is created with session id: 4
[2019-07-03 23:29:12.157] [DEBUG] pomelo - [36m[/usr/local/games/hlbgame/game-server/node_modules/pomelo/lib/components/connector.js] [39m[connector-server-2] handleMessage session id: 4, msg: {"id":5,"type":0,"compressRoute":1,"route":"login.loginHandler.login","body":{},"compressGzip":0}
[2019-07-03 23:29:12.237] [DEBUG] pomelo - [36m[/usr/local/games/hlbgame/game-server/node_modules/pomelo/lib/components/connector.js] [39m[connector-server-2] send message reqId: 5, route: login.loginHandler.login, msg: {"code":200,"msg":"login server is ok."}, receivers: [4], opts: {"type":"response","userOptions":{},"isResponse":true}
[2019-07-03 23:29:17.086] [INFO] pomelo - [32m[/usr/local/games/hlbgame/game-server/node_modules/pomelo/lib/connectors/commands/heartbeat.js] [39mclient 3 heartbeat timeout.
[2019-07-03 23:29:17.087] [DEBUG] pomelo - [36m[/usr/local/games/hlbgame/game-server/node_modules/pomelo/lib/common/service/sessionService.js] [39msession on [connector-server-2] is closed with session id: 3
[2019-07-03 23:29:21.182] [INFO] pomelo - [32m[/usr/local/games/hlbgame/game-server/node_modules/pomelo/lib/connectors/commands/heartbeat.js] [39mclient 4 heartbeat timeout.
[2019-07-03 23:29:21.183] [DEBUG] pomelo - [36m[/usr/local/games/hlbgame/game-server/node_modules/pomelo/lib/common/service/sessionService.js] [39msession on [connector-server-2] is closed with session id: 4
[2019-07-03 23:29:22.201] [DEBUG] pomelo - [36m[/usr/local/games/hlbgame/game-server/node_modules/pomelo/lib/components/connector.js] [39m[connector-server-2] getSession session is created with session id: 5
[2019-07-03 23:29:22.235] [DEBUG] pomelo - [36m[/usr/local/games/hlbgame/game-server/node_modules/pomelo/lib/components/connector.js] [39m[connector-server-2] handleMessage session id: 5, msg: {"id":6,"type":0,"compressRoute":1,"route":"login.loginHandler.login","body":{},"compressGzip":0}
[2019-07-03 23:29:22.274] [DEBUG] pomelo - [36m[/usr/local/games/hlbgame/game-server/node_modules/pomelo/lib/components/connector.js] [39m[connector-server-2] send message reqId: 6, route: login.loginHandler.login, msg: {"code":200,"msg":"login server is ok."}, receivers: [5], opts: {"type":"response","userOptions":{},"isResponse":true}
[2019-07-03 23:30:09.509] [DEBUG] pomelo - [36m[/usr/local/games/hlbgame/game-server/node_modules/pomelo/lib/common/service/sessionService.js] [39msession on [connector-server-2] is closed with session id: 5
[2019-07-03 23:36:03.023] [DEBUG] pomelo - [36m[/usr/local/games/hlbgame/game-server/node_modules/pomelo/lib/components/connector.js] [39m[connector-server-2] getSession session is created with session id: 6
[2019-07-03 23:36:03.086] [DEBUG] pomelo - [36m[/usr/local/games/hlbgame/game-server/node_modules/pomelo/lib/components/connector.js] [39m[connector-server-2] handleMessage session id: 6, msg: {"id":2,"type":0,"compressRoute":1,"route":"login.loginHandler.login","body":{},"compressGzip":0}
[2019-07-03 23:36:03.126] [DEBUG] pomelo - [36m[/usr/local/games/hlbgame/game-server/node_modules/pomelo/lib/components/connector.js] [39m[connector-server-2] send message reqId: 2, route: login.loginHandler.login, msg: {"code":200,"msg":"login server is ok."}, receivers: [6], opts: {"type":"response","userOptions":{},"isResponse":true}
[2019-07-03 23:36:05.864] [DEBUG] pomelo - [36m[/usr/local/games/hlbgame/game-server/node_modules/pomelo/lib/common/service/sessionService.js] [39msession on [connector-server-2] is closed with session id: 6
[2019-08-12 19:17:11.660] [INFO] pomelo - [32m[/usr/local/games/hlbgame/game-server/node_modules/pomelo/lib/application.js] [39mapplication inited: "connector-server-2"
[2019-08-12 19:17:18.316] [INFO] pomelo - [32m[/usr/local/games/hlbgame/game-server/node_modules/pomelo/lib/application.js] [39m"connector-server-2" enter after start...
[2019-08-12 19:17:18.327] [INFO] pomelo - [32m[/usr/local/games/hlbgame/game-server/node_modules/pomelo/lib/application.js] [39m"connector-server-2" finish start
[2019-08-12 19:17:18.327] [INFO] pomelo - [32m[/usr/local/games/hlbgame/game-server/node_modules/pomelo/lib/application.js] [39m"connector-server-2" startup in 5558 ms
[2019-08-12 19:17:18.389] [DEBUG] pomelo - [36m[/usr/local/games/hlbgame/game-server/node_modules/pomelo/lib/modules/monitorwatcher.js] [39m[connector-server-2] receive addServer signal: {"action":"addServer","server":{"main":"/usr/local/games/hlbgame/game-server/app.js","env":"development","id":"connector-server-1","host":"192.168.198.128","port":4050,"clientPort":3050,"frontend":"true","serverType":"connector","pid":2684}}
[2019-08-12 19:18:40.521] [INFO] pomelo - [32m[/usr/local/games/hlbgame/game-server/node_modules/pomelo/lib/application.js] [39mapplication inited: "connector-server-2"
[2019-08-12 19:18:43.209] [INFO] pomelo - [32m[/usr/local/games/hlbgame/game-server/node_modules/pomelo/lib/application.js] [39m"connector-server-2" enter after start...
[2019-08-12 19:18:43.223] [INFO] pomelo - [32m[/usr/local/games/hlbgame/game-server/node_modules/pomelo/lib/application.js] [39m"connector-server-2" finish start
[2019-08-12 19:18:43.226] [INFO] pomelo - [32m[/usr/local/games/hlbgame/game-server/node_modules/pomelo/lib/application.js] [39m"connector-server-2" startup in 2238 ms
[2019-08-12 19:25:03.612] [INFO] pomelo - [32m[/usr/local/games/hlbgame/game-server/node_modules/pomelo/lib/application.js] [39mapplication inited: "connector-server-2"
[2019-08-12 19:25:06.119] [INFO] pomelo - [32m[/usr/local/games/hlbgame/game-server/node_modules/pomelo/lib/application.js] [39m"connector-server-2" enter after start...
[2019-08-12 19:25:06.143] [DEBUG] pomelo - [36m[/usr/local/games/hlbgame/game-server/node_modules/pomelo/lib/modules/monitorwatcher.js] [39m[connector-server-2] receive addServer signal: {"action":"addServer","server":{"main":"/usr/local/games/hlbgame/game-server/app.js","env":"development","id":"login-server-2","host":"192.168.198.128","port":5051,"serverType":"login","pid":2897}}
[2019-08-12 19:25:06.170] [INFO] pomelo - [32m[/usr/local/games/hlbgame/game-server/node_modules/pomelo/lib/application.js] [39m"connector-server-2" finish start
[2019-08-12 19:25:06.171] [INFO] pomelo - [32m[/usr/local/games/hlbgame/game-server/node_modules/pomelo/lib/application.js] [39m"connector-server-2" startup in 2019 ms
[2019-08-12 19:25:06.171] [DEBUG] pomelo - [36m[/usr/local/games/hlbgame/game-server/node_modules/pomelo/lib/modules/monitorwatcher.js] [39m[connector-server-2] receive addServer signal: {"action":"addServer","server":{"main":"/usr/local/games/hlbgame/game-server/app.js","env":"development","id":"login-server-3","host":"192.168.198.128","port":5052,"serverType":"login","pid":2911}}
[2019-08-12 19:33:29.901] [INFO] pomelo - [32m[/usr/local/games/hlbgame/game-server/node_modules/pomelo/lib/application.js] [39mapplication inited: "connector-server-2"
[2019-08-12 19:33:33.294] [INFO] pomelo - [32m[/usr/local/games/hlbgame/game-server/node_modules/pomelo/lib/application.js] [39m"connector-server-2" enter after start...
[2019-08-12 19:33:33.298] [INFO] pomelo - [32m[/usr/local/games/hlbgame/game-server/node_modules/pomelo/lib/application.js] [39m"connector-server-2" finish start
[2019-08-12 19:33:33.298] [INFO] pomelo - [32m[/usr/local/games/hlbgame/game-server/node_modules/pomelo/lib/application.js] [39m"connector-server-2" startup in 2849 ms
[2019-08-12 19:37:14.026] [INFO] pomelo - [32m[/usr/local/games/hlbgame/game-server/node_modules/pomelo/lib/application.js] [39mapplication inited: "connector-server-2"
[2019-08-12 19:37:16.385] [INFO] pomelo - [32m[/usr/local/games/hlbgame/game-server/node_modules/pomelo/lib/application.js] [39m"connector-server-2" enter after start...
[2019-08-12 19:37:16.407] [INFO] pomelo - [32m[/usr/local/games/hlbgame/game-server/node_modules/pomelo/lib/application.js] [39m"connector-server-2" finish start
[2019-08-12 19:37:16.408] [INFO] pomelo - [32m[/usr/local/games/hlbgame/game-server/node_modules/pomelo/lib/application.js] [39m"connector-server-2" startup in 1884 ms
[2019-08-12 19:37:16.408] [DEBUG] pomelo - [36m[/usr/local/games/hlbgame/game-server/node_modules/pomelo/lib/modules/monitorwatcher.js] [39m[connector-server-2] receive addServer signal: {"action":"addServer","server":{"main":"/usr/local/games/hlbgame/game-server/app.js","env":"development","id":"connector-server-3","host":"192.168.198.128","port":4052,"clientPort":3052,"frontend":"true","serverType":"connector","pid":3599}}
[2019-08-12 20:48:30.721] [INFO] pomelo - [32m[/usr/local/games/hlbgame/game-server/node_modules/pomelo/lib/application.js] [39mapplication inited: "connector-server-2"
[2019-08-12 20:48:34.130] [INFO] pomelo - [32m[/usr/local/games/hlbgame/game-server/node_modules/pomelo/lib/application.js] [39m"connector-server-2" enter after start...
[2019-08-12 20:48:34.132] [DEBUG] pomelo - [36m[/usr/local/games/hlbgame/game-server/node_modules/pomelo/lib/modules/monitorwatcher.js] [39m[connector-server-2] receive addServer signal: {"action":"addServer","server":{"main":"/usr/local/games/hlbgame/game-server/app.js","env":"development","id":"connector-server-3","host":"192.168.198.128","port":4052,"clientPort":3052,"frontend":"true","serverType":"connector","pid":3688}}
[2019-08-12 20:48:34.138] [INFO] pomelo - [32m[/usr/local/games/hlbgame/game-server/node_modules/pomelo/lib/application.js] [39m"connector-server-2" finish start
[2019-08-12 20:48:34.139] [INFO] pomelo - [32m[/usr/local/games/hlbgame/game-server/node_modules/pomelo/lib/application.js] [39m"connector-server-2" startup in 2686 ms
[2019-08-12 20:48:43.447] [DEBUG] pomelo - [36m[/usr/local/games/hlbgame/game-server/node_modules/pomelo/lib/components/connector.js] [39m[connector-server-2] getSession session is created with session id: 1
[2019-08-12 20:48:43.489] [DEBUG] pomelo - [36m[/usr/local/games/hlbgame/game-server/node_modules/pomelo/lib/components/connector.js] [39m[connector-server-2] handleMessage session id: 1, msg: {"id":2,"type":0,"compressRoute":0,"route":"app.rpc.login.loginHandler.login","body":" enter...","compressGzip":0}
[2019-08-12 20:48:43.491] [DEBUG] pomelo - [36m[/usr/local/games/hlbgame/game-server/node_modules/pomelo/lib/components/connector.js] [39m[connector-server-2] send message reqId: 2, route: app.rpc.login.loginHandler.login, msg: {"code":500}, receivers: [1], opts: {"type":"response","userOptions":{},"isResponse":true}
[2019-08-12 20:48:59.718] [DEBUG] pomelo - [36m[/usr/local/games/hlbgame/game-server/node_modules/pomelo/lib/common/service/sessionService.js] [39msession on [connector-server-2] is closed with session id: 1
[2019-08-12 20:49:05.561] [DEBUG] pomelo - [36m[/usr/local/games/hlbgame/game-server/node_modules/pomelo/lib/components/connector.js] [39m[connector-server-2] getSession session is created with session id: 2
[2019-08-12 20:49:05.590] [DEBUG] pomelo - [36m[/usr/local/games/hlbgame/game-server/node_modules/pomelo/lib/components/connector.js] [39m[connector-server-2] handleMessage session id: 2, msg: {"id":2,"type":0,"compressRoute":0,"route":"app.rpc.login.loginHandler.login","body":" enter...","compressGzip":0}
[2019-08-12 20:49:05.592] [DEBUG] pomelo - [36m[/usr/local/games/hlbgame/game-server/node_modules/pomelo/lib/components/connector.js] [39m[connector-server-2] send message reqId: 2, route: app.rpc.login.loginHandler.login, msg: {"code":500}, receivers: [2], opts: {"type":"response","userOptions":{},"isResponse":true}
[2019-08-12 20:51:46.191] [INFO] pomelo - [32m[/usr/local/games/hlbgame/game-server/node_modules/pomelo/lib/application.js] [39mapplication inited: "connector-server-2"
[2019-08-12 20:51:48.654] [INFO] pomelo - [32m[/usr/local/games/hlbgame/game-server/node_modules/pomelo/lib/application.js] [39m"connector-server-2" enter after start...
[2019-08-12 20:51:48.691] [INFO] pomelo - [32m[/usr/local/games/hlbgame/game-server/node_modules/pomelo/lib/application.js] [39m"connector-server-2" finish start
[2019-08-12 20:51:48.697] [INFO] pomelo - [32m[/usr/local/games/hlbgame/game-server/node_modules/pomelo/lib/application.js] [39m"connector-server-2" startup in 2009 ms
[2019-08-12 20:51:48.796] [DEBUG] pomelo - [36m[/usr/local/games/hlbgame/game-server/node_modules/pomelo/lib/modules/monitorwatcher.js] [39m[connector-server-2] receive addServer signal: {"action":"addServer","server":{"main":"/usr/local/games/hlbgame/game-server/app.js","env":"development","id":"connector-server-3","host":"192.168.198.128","port":4052,"clientPort":3052,"frontend":"true","serverType":"connector","pid":3787}}
[2019-08-13 20:34:57.179] [INFO] pomelo - [32m[/usr/local/games/hlbgame/game-server/node_modules/pomelo/lib/application.js] [39mapplication inited: "connector-server-2"
[2019-08-13 20:35:41.620] [INFO] pomelo - [32m[/usr/local/games/hlbgame/game-server/node_modules/pomelo/lib/application.js] [39mapplication inited: "connector-server-2"
[2019-08-13 20:35:44.623] [INFO] pomelo - [32m[/usr/local/games/hlbgame/game-server/node_modules/pomelo/lib/application.js] [39m"connector-server-2" enter after start...
[2019-08-13 20:35:44.635] [INFO] pomelo - [32m[/usr/local/games/hlbgame/game-server/node_modules/pomelo/lib/application.js] [39m"connector-server-2" finish start
[2019-08-13 20:35:44.639] [INFO] pomelo - [32m[/usr/local/games/hlbgame/game-server/node_modules/pomelo/lib/application.js] [39m"connector-server-2" startup in 2499 ms
[2019-08-13 20:37:12.757] [INFO] pomelo - [32m[/usr/local/games/hlbgame/game-server/node_modules/pomelo/lib/application.js] [39mapplication inited: "connector-server-2"
[2019-08-13 20:37:15.133] [INFO] pomelo - [32m[/usr/local/games/hlbgame/game-server/node_modules/pomelo/lib/application.js] [39m"connector-server-2" enter after start...
[2019-08-13 20:37:15.137] [INFO] pomelo - [32m[/usr/local/games/hlbgame/game-server/node_modules/pomelo/lib/application.js] [39m"connector-server-2" finish start
[2019-08-13 20:37:15.139] [INFO] pomelo - [32m[/usr/local/games/hlbgame/game-server/node_modules/pomelo/lib/application.js] [39m"connector-server-2" startup in 1900 ms
[2019-08-13 20:40:39.460] [INFO] pomelo - [32m[/usr/local/games/hlbgame/game-server/node_modules/pomelo/lib/application.js] [39mapplication inited: "connector-server-2"
[2019-08-13 20:40:42.115] [INFO] pomelo - [32m[/usr/local/games/hlbgame/game-server/node_modules/pomelo/lib/application.js] [39m"connector-server-2" enter after start...
[2019-08-13 20:40:42.118] [INFO] pomelo - [32m[/usr/local/games/hlbgame/game-server/node_modules/pomelo/lib/application.js] [39m"connector-server-2" finish start
[2019-08-13 20:40:42.120] [INFO] pomelo - [32m[/usr/local/games/hlbgame/game-server/node_modules/pomelo/lib/application.js] [39m"connector-server-2" startup in 2072 ms
[2019-08-13 20:40:57.931] [DEBUG] pomelo - [36m[/usr/local/games/hlbgame/game-server/node_modules/pomelo/lib/components/connector.js] [39m[connector-server-2] getSession session is created with session id: 1
[2019-08-13 20:40:57.962] [DEBUG] pomelo - [36m[/usr/local/games/hlbgame/game-server/node_modules/pomelo/lib/components/connector.js] [39m[connector-server-2] handleMessage session id: 1, msg: {"id":2,"type":0,"compressRoute":1,"route":"login.loginHandler.login","body":" enter...","compressGzip":0}
[2019-08-13 20:40:57.985] [DEBUG] pomelo - [36m[/usr/local/games/hlbgame/game-server/node_modules/pomelo/lib/components/connector.js] [39m[connector-server-2] send message reqId: 2, route: login.loginHandler.login, msg: {"route":"okkkkkkkkk"}, receivers: [1], opts: {"type":"response","userOptions":{},"isResponse":true}
[2019-08-13 20:59:14.628] [INFO] pomelo - [32m[/usr/local/games/hlbgame/game-server/node_modules/pomelo/lib/application.js] [39mapplication inited: "connector-server-2"
[2019-08-13 20:59:17.741] [INFO] pomelo - [32m[/usr/local/games/hlbgame/game-server/node_modules/pomelo/lib/application.js] [39m"connector-server-2" enter after start...
[2019-08-13 20:59:17.744] [DEBUG] pomelo - [36m[/usr/local/games/hlbgame/game-server/node_modules/pomelo/lib/modules/monitorwatcher.js] [39m[connector-server-2] receive addServer signal: {"action":"addServer","server":{"main":"/usr/local/games/hlbgame/game-server/app.js","env":"development","id":"connector-server-1","host":"192.168.198.128","port":4050,"clientPort":3050,"frontend":"true","serverType":"connector","pid":4634}}
[2019-08-13 20:59:17.762] [INFO] pomelo - [32m[/usr/local/games/hlbgame/game-server/node_modules/pomelo/lib/application.js] [39m"connector-server-2" finish start
[2019-08-13 20:59:17.762] [INFO] pomelo - [32m[/usr/local/games/hlbgame/game-server/node_modules/pomelo/lib/application.js] [39m"connector-server-2" startup in 2491 ms
[2019-08-13 21:01:11.985] [INFO] pomelo - [32m[/usr/local/games/hlbgame/game-server/node_modules/pomelo/lib/application.js] [39mapplication inited: "connector-server-2"
[2019-08-13 21:01:14.811] [INFO] pomelo - [32m[/usr/local/games/hlbgame/game-server/node_modules/pomelo/lib/application.js] [39m"connector-server-2" enter after start...
[2019-08-13 21:01:14.828] [INFO] pomelo - [32m[/usr/local/games/hlbgame/game-server/node_modules/pomelo/lib/application.js] [39m"connector-server-2" finish start
[2019-08-13 21:01:14.833] [INFO] pomelo - [32m[/usr/local/games/hlbgame/game-server/node_modules/pomelo/lib/application.js] [39m"connector-server-2" startup in 2339 ms
[2019-08-13 21:02:00.987] [INFO] pomelo - [32m[/usr/local/games/hlbgame/game-server/node_modules/pomelo/lib/application.js] [39mapplication inited: "connector-server-2"
[2019-08-13 21:02:03.570] [INFO] pomelo - [32m[/usr/local/games/hlbgame/game-server/node_modules/pomelo/lib/application.js] [39m"connector-server-2" enter after start...
[2019-08-13 21:02:03.574] [DEBUG] pomelo - [36m[/usr/local/games/hlbgame/game-server/node_modules/pomelo/lib/modules/monitorwatcher.js] [39m[connector-server-2] receive addServer signal: {"action":"addServer","server":{"main":"/usr/local/games/hlbgame/game-server/app.js","env":"development","id":"connector-server-1","host":"192.168.198.128","port":4050,"clientPort":3050,"frontend":"true","serverType":"connector","pid":4825}}
[2019-08-13 21:02:03.597] [INFO] pomelo - [32m[/usr/local/games/hlbgame/game-server/node_modules/pomelo/lib/application.js] [39m"connector-server-2" finish start
[2019-08-13 21:02:03.599] [INFO] pomelo - [32m[/usr/local/games/hlbgame/game-server/node_modules/pomelo/lib/application.js] [39m"connector-server-2" startup in 2099 ms
[2019-08-13 21:08:37.451] [INFO] pomelo - [32m[/usr/local/games/hlbgame/game-server/node_modules/pomelo/lib/application.js] [39mapplication inited: "connector-server-2"
[2019-08-13 21:08:40.095] [INFO] pomelo - [32m[/usr/local/games/hlbgame/game-server/node_modules/pomelo/lib/application.js] [39m"connector-server-2" enter after start...
[2019-08-13 21:08:40.146] [INFO] pomelo - [32m[/usr/local/games/hlbgame/game-server/node_modules/pomelo/lib/application.js] [39m"connector-server-2" finish start
[2019-08-13 21:08:40.146] [INFO] pomelo - [32m[/usr/local/games/hlbgame/game-server/node_modules/pomelo/lib/application.js] [39m"connector-server-2" startup in 2152 ms
[2019-08-13 21:08:40.215] [DEBUG] pomelo - [36m[/usr/local/games/hlbgame/game-server/node_modules/pomelo/lib/modules/monitorwatcher.js] [39m[connector-server-2] receive addServer signal: {"action":"addServer","server":{"main":"/usr/local/games/hlbgame/game-server/app.js","env":"development","id":"connector-server-3","host":"192.168.198.128","port":4052,"clientPort":3052,"frontend":"true","serverType":"connector","pid":4928}}
[2019-08-13 21:08:40.320] [DEBUG] pomelo - [36m[/usr/local/games/hlbgame/game-server/node_modules/pomelo/lib/modules/monitorwatcher.js] [39m[connector-server-2] receive addServer signal: {"action":"addServer","server":{"main":"/usr/local/games/hlbgame/game-server/app.js","env":"development","id":"connector-server-1","host":"192.168.198.128","port":4050,"clientPort":3050,"frontend":"true","serverType":"connector","pid":4920}}
[2019-08-13 21:09:01.705] [DEBUG] pomelo - [36m[/usr/local/games/hlbgame/game-server/node_modules/pomelo/lib/components/connector.js] [39m[connector-server-2] getSession session is created with session id: 1
[2019-08-13 21:09:01.793] [DEBUG] pomelo - [36m[/usr/local/games/hlbgame/game-server/node_modules/pomelo/lib/components/connector.js] [39m[connector-server-2] handleMessage session id: 1, msg: {"id":6,"type":0,"compressRoute":1,"route":"login.loginHandler.login","body":" enter...","compressGzip":0}
[2019-08-13 21:09:01.842] [DEBUG] pomelo - [36m[/usr/local/games/hlbgame/game-server/node_modules/pomelo/lib/components/connector.js] [39m[connector-server-2] send message reqId: 6, route: login.loginHandler.login, msg: {"route":"okkkkkkkkk"}, receivers: [1], opts: {"type":"response","userOptions":{},"isResponse":true}
[2019-08-13 21:10:21.857] [INFO] pomelo - [32m[/usr/local/games/hlbgame/game-server/node_modules/pomelo/lib/application.js] [39mapplication inited: "connector-server-2"
[2019-08-13 21:10:24.515] [INFO] pomelo - [32m[/usr/local/games/hlbgame/game-server/node_modules/pomelo/lib/application.js] [39m"connector-server-2" enter after start...
[2019-08-13 21:10:24.517] [INFO] pomelo - [32m[/usr/local/games/hlbgame/game-server/node_modules/pomelo/lib/application.js] [39m"connector-server-2" finish start
[2019-08-13 21:10:24.517] [INFO] pomelo - [32m[/usr/local/games/hlbgame/game-server/node_modules/pomelo/lib/application.js] [39m"connector-server-2" startup in 2114 ms
[2019-08-13 21:10:49.505] [INFO] pomelo - [32m[/usr/local/games/hlbgame/game-server/node_modules/pomelo/lib/application.js] [39mapplication inited: "connector-server-2"
[2019-08-13 21:10:52.079] [INFO] pomelo - [32m[/usr/local/games/hlbgame/game-server/node_modules/pomelo/lib/application.js] [39m"connector-server-2" enter after start...
[2019-08-13 21:10:52.085] [INFO] pomelo - [32m[/usr/local/games/hlbgame/game-server/node_modules/pomelo/lib/application.js] [39m"connector-server-2" finish start
[2019-08-13 21:10:52.085] [INFO] pomelo - [32m[/usr/local/games/hlbgame/game-server/node_modules/pomelo/lib/application.js] [39m"connector-server-2" startup in 2050 ms
[2019-08-13 21:12:36.225] [INFO] pomelo - [32m[/usr/local/games/hlbgame/game-server/node_modules/pomelo/lib/application.js] [39mapplication inited: "connector-server-2"
[2019-08-13 21:12:38.795] [INFO] pomelo - [32m[/usr/local/games/hlbgame/game-server/node_modules/pomelo/lib/application.js] [39m"connector-server-2" enter after start...
[2019-08-13 21:12:38.806] [DEBUG] pomelo - [36m[/usr/local/games/hlbgame/game-server/node_modules/pomelo/lib/modules/monitorwatcher.js] [39m[connector-server-2] receive addServer signal: {"action":"addServer","server":{"main":"/usr/local/games/hlbgame/game-server/app.js","env":"development","id":"connector-server-1","host":"192.168.198.128","port":4050,"clientPort":3050,"frontend":"true","serverType":"connector","pid":5205}}
[2019-08-13 21:12:38.809] [INFO] pomelo - [32m[/usr/local/games/hlbgame/game-server/node_modules/pomelo/lib/application.js] [39m"connector-server-2" finish start
[2019-08-13 21:12:38.809] [INFO] pomelo - [32m[/usr/local/games/hlbgame/game-server/node_modules/pomelo/lib/application.js] [39m"connector-server-2" startup in 2056 ms
[2019-08-13 21:12:38.810] [DEBUG] pomelo - [36m[/usr/local/games/hlbgame/game-server/node_modules/pomelo/lib/modules/monitorwatcher.js] [39m[connector-server-2] receive addServer signal: {"action":"addServer","server":{"main":"/usr/local/games/hlbgame/game-server/app.js","env":"development","id":"connector-server-3","host":"192.168.198.128","port":4052,"clientPort":3052,"frontend":"true","serverType":"connector","pid":5217}}
[2019-08-13 21:12:41.623] [DEBUG] pomelo - [36m[/usr/local/games/hlbgame/game-server/node_modules/pomelo/lib/components/connector.js] [39m[connector-server-2] getSession session is created with session id: 1
[2019-08-13 21:12:41.651] [DEBUG] pomelo - [36m[/usr/local/games/hlbgame/game-server/node_modules/pomelo/lib/components/connector.js] [39m[connector-server-2] handleMessage session id: 1, msg: {"id":12,"type":0,"compressRoute":1,"route":"login.loginHandler.login","body":" enter...","compressGzip":0}
[2019-08-13 21:12:41.672] [DEBUG] pomelo - [36m[/usr/local/games/hlbgame/game-server/node_modules/pomelo/lib/components/connector.js] [39m[connector-server-2] send message reqId: 12, route: login.loginHandler.login, msg: {"route":"okkkkkkkkk"}, receivers: [1], opts: {"type":"response","userOptions":{},"isResponse":true}
[2019-08-14 00:16:15.525] [DEBUG] pomelo - [36m[/usr/local/games/hlbgame/game-server/node_modules/pomelo/lib/common/service/sessionService.js] [39msession on [connector-server-2] is closed with session id: 1
