[2019-06-25 04:23:04.863] [INFO] pomelo - [32m[/usr/local/games/hlbgame/game-server/node_modules/pomelo/lib/application.js] [39mapplication inited: "connector-server-1"
[2019-06-25 04:23:06.439] [INFO] pomelo - [32m[/usr/local/games/hlbgame/game-server/node_modules/pomelo/lib/application.js] [39m"connector-server-1" enter after start...
[2019-06-25 04:23:06.445] [INFO] pomelo - [32m[/usr/local/games/hlbgame/game-server/node_modules/pomelo/lib/application.js] [39m"connector-server-1" finish start
[2019-06-25 04:23:06.446] [INFO] pomelo - [32m[/usr/local/games/hlbgame/game-server/node_modules/pomelo/lib/application.js] [39m"connector-server-1" startup in 1388 ms
[2019-06-25 04:23:07.254] [DEBUG] pomelo - [36m[/usr/local/games/hlbgame/game-server/node_modules/pomelo/lib/modules/monitorwatcher.js] [39m[connector-server-1] receive addServer signal: {"action":"addServer","server":{"main":"/usr/local/games/hlbgame/game-server/app.js","env":"development","id":"gate-server-1","host":"127.0.0.1","clientPort":4000,"frontend":"true","serverType":"gate"}}
[2019-06-25 04:23:07.454] [DEBUG] pomelo - [36m[/usr/local/games/hlbgame/game-server/node_modules/pomelo/lib/modules/monitorwatcher.js] [39m[connector-server-1] receive addServer signal: {"action":"addServer","server":{"main":"/usr/local/games/hlbgame/game-server/app.js","env":"development","id":"login-server-1","host":"127.0.0.1","port":3200,"clientHost":"127.0.0.1","clientPort":4200,"frontend":"true","serverType":"login"}}
[2019-06-25 04:50:08.687] [INFO] pomelo - [32m[/usr/local/games/hlbgame/game-server/node_modules/pomelo/lib/application.js] [39mapplication inited: "connector-server-1"
[2019-06-25 04:50:10.255] [INFO] pomelo - [32m[/usr/local/games/hlbgame/game-server/node_modules/pomelo/lib/application.js] [39m"connector-server-1" enter after start...
[2019-06-25 04:50:10.258] [INFO] pomelo - [32m[/usr/local/games/hlbgame/game-server/node_modules/pomelo/lib/application.js] [39m"connector-server-1" finish start
[2019-06-25 04:50:10.259] [INFO] pomelo - [32m[/usr/local/games/hlbgame/game-server/node_modules/pomelo/lib/application.js] [39m"connector-server-1" startup in 1372 ms
[2019-06-25 04:50:11.137] [DEBUG] pomelo - [36m[/usr/local/games/hlbgame/game-server/node_modules/pomelo/lib/modules/monitorwatcher.js] [39m[connector-server-1] receive addServer signal: {"action":"addServer","server":{"main":"/usr/local/games/hlbgame/game-server/app.js","env":"development","id":"gate-server-1","host":"127.0.0.1","clientPort":4000,"frontend":"true","serverType":"gate"}}
[2019-06-25 04:50:11.266] [DEBUG] pomelo - [36m[/usr/local/games/hlbgame/game-server/node_modules/pomelo/lib/modules/monitorwatcher.js] [39m[connector-server-1] receive addServer signal: {"action":"addServer","server":{"main":"/usr/local/games/hlbgame/game-server/app.js","env":"development","id":"login-server-1","host":"127.0.0.1","port":3200,"clientHost":"127.0.0.1","clientPort":4200,"frontend":"true","serverType":"login"}}
[2019-06-25 04:52:18.303] [INFO] pomelo - [32m[/usr/local/games/hlbgame/game-server/node_modules/pomelo/lib/application.js] [39mapplication inited: "connector-server-1"
[2019-06-25 04:52:19.662] [INFO] pomelo - [32m[/usr/local/games/hlbgame/game-server/node_modules/pomelo/lib/application.js] [39m"connector-server-1" enter after start...
[2019-06-25 04:52:19.665] [INFO] pomelo - [32m[/usr/local/games/hlbgame/game-server/node_modules/pomelo/lib/application.js] [39m"connector-server-1" finish start
[2019-06-25 04:52:19.668] [INFO] pomelo - [32m[/usr/local/games/hlbgame/game-server/node_modules/pomelo/lib/application.js] [39m"connector-server-1" startup in 1201 ms
[2019-06-25 04:52:20.539] [DEBUG] pomelo - [36m[/usr/local/games/hlbgame/game-server/node_modules/pomelo/lib/modules/monitorwatcher.js] [39m[connector-server-1] receive addServer signal: {"action":"addServer","server":{"main":"/usr/local/games/hlbgame/game-server/app.js","env":"development","id":"login-server-1","host":"127.0.0.1","port":3200,"clientHost":"127.0.0.1","clientPort":4200,"frontend":"true","serverType":"login"}}
[2019-06-25 04:52:20.540] [DEBUG] pomelo - [36m[/usr/local/games/hlbgame/game-server/node_modules/pomelo/lib/modules/monitorwatcher.js] [39m[connector-server-1] receive addServer signal: {"action":"addServer","server":{"main":"/usr/local/games/hlbgame/game-server/app.js","env":"development","id":"gate-server-1","host":"127.0.0.1","clientPort":4000,"frontend":"true","serverType":"gate"}}
[2019-06-25 04:58:03.293] [INFO] pomelo - [32m[/usr/local/games/hlbgame/game-server/node_modules/pomelo/lib/application.js] [39mapplication inited: "connector-server-1"
[2019-06-25 04:58:05.900] [INFO] pomelo - [32m[/usr/local/games/hlbgame/game-server/node_modules/pomelo/lib/application.js] [39m"connector-server-1" enter after start...
[2019-06-25 04:58:05.902] [DEBUG] pomelo - [36m[/usr/local/games/hlbgame/game-server/node_modules/pomelo/lib/modules/monitorwatcher.js] [39m[connector-server-1] receive addServer signal: {"action":"addServer","server":{"main":"/usr/local/games/hlbgame/game-server/app.js","env":"development","id":"connector-server-3","host":"127.0.0.1","port":4052,"clientPort":3052,"frontend":"true","serverType":"connector","pid":3793}}
[2019-06-25 04:58:05.906] [INFO] pomelo - [32m[/usr/local/games/hlbgame/game-server/node_modules/pomelo/lib/application.js] [39m"connector-server-1" finish start
[2019-06-25 04:58:05.907] [INFO] pomelo - [32m[/usr/local/games/hlbgame/game-server/node_modules/pomelo/lib/application.js] [39m"connector-server-1" startup in 2308 ms
[2019-06-25 04:58:06.557] [DEBUG] pomelo - [36m[/usr/local/games/hlbgame/game-server/node_modules/pomelo/lib/modules/monitorwatcher.js] [39m[connector-server-1] receive addServer signal: {"action":"addServer","server":{"main":"/usr/local/games/hlbgame/game-server/app.js","env":"development","id":"login-server-3","host":"127.0.0.1","port":6052,"serverType":"login"}}
[2019-06-25 04:58:06.621] [DEBUG] pomelo - [36m[/usr/local/games/hlbgame/game-server/node_modules/pomelo/lib/modules/monitorwatcher.js] [39m[connector-server-1] receive addServer signal: {"action":"addServer","server":{"main":"/usr/local/games/hlbgame/game-server/app.js","env":"development","id":"login-server-1","host":"127.0.0.1","port":6050,"serverType":"login"}}
[2019-06-25 04:58:06.621] [DEBUG] pomelo - [36m[/usr/local/games/hlbgame/game-server/node_modules/pomelo/lib/modules/monitorwatcher.js] [39m[connector-server-1] receive addServer signal: {"action":"addServer","server":{"main":"/usr/local/games/hlbgame/game-server/app.js","env":"development","id":"login-server-2","host":"127.0.0.1","port":6051,"serverType":"login"}}
[2019-06-25 04:58:06.909] [DEBUG] pomelo - [36m[/usr/local/games/hlbgame/game-server/node_modules/pomelo/lib/modules/monitorwatcher.js] [39m[connector-server-1] receive addServer signal: {"action":"addServer","server":{"main":"/usr/local/games/hlbgame/game-server/app.js","env":"development","id":"gate-server-1","host":"127.0.0.1","clientPort":3014,"frontend":"true","serverType":"gate"}}
[2019-06-25 06:58:17.501] [INFO] pomelo - [32m[/usr/local/games/hlbgame/game-server/node_modules/pomelo/lib/application.js] [39mapplication inited: "connector-server-1"
[2019-06-25 06:58:21.465] [INFO] pomelo - [32m[/usr/local/games/hlbgame/game-server/node_modules/pomelo/lib/application.js] [39m"connector-server-1" enter after start...
[2019-06-25 06:58:21.469] [INFO] pomelo - [32m[/usr/local/games/hlbgame/game-server/node_modules/pomelo/lib/application.js] [39m"connector-server-1" finish start
[2019-06-25 06:58:21.471] [INFO] pomelo - [32m[/usr/local/games/hlbgame/game-server/node_modules/pomelo/lib/application.js] [39m"connector-server-1" startup in 3112 ms
[2019-06-25 07:11:05.636] [INFO] pomelo - [32m[/usr/local/games/hlbgame/game-server/node_modules/pomelo/lib/application.js] [39mapplication inited: "connector-server-1"
[2019-06-25 07:11:08.108] [INFO] pomelo - [32m[/usr/local/games/hlbgame/game-server/node_modules/pomelo/lib/application.js] [39m"connector-server-1" enter after start...
[2019-06-25 07:11:08.120] [INFO] pomelo - [32m[/usr/local/games/hlbgame/game-server/node_modules/pomelo/lib/application.js] [39m"connector-server-1" finish start
[2019-06-25 07:11:08.131] [INFO] pomelo - [32m[/usr/local/games/hlbgame/game-server/node_modules/pomelo/lib/application.js] [39m"connector-server-1" startup in 2135 ms
[2019-06-25 07:11:08.137] [DEBUG] pomelo - [36m[/usr/local/games/hlbgame/game-server/node_modules/pomelo/lib/modules/monitorwatcher.js] [39m[connector-server-1] receive addServer signal: {"action":"addServer","server":{"main":"/usr/local/games/hlbgame/game-server/app.js","env":"development","id":"connector-server-3","host":"127.0.0.1","port":4052,"clientPort":3052,"frontend":"true","serverType":"connector","pid":4032}}
[2019-06-25 07:11:08.380] [DEBUG] pomelo - [36m[/usr/local/games/hlbgame/game-server/node_modules/pomelo/lib/modules/monitorwatcher.js] [39m[connector-server-1] receive addServer signal: {"action":"addServer","server":{"main":"/usr/local/games/hlbgame/game-server/app.js","env":"development","id":"login-server-1","host":"127.0.0.1","port":5050,"serverType":"login","pid":4043}}
[2019-06-25 07:11:08.475] [DEBUG] pomelo - [36m[/usr/local/games/hlbgame/game-server/node_modules/pomelo/lib/modules/monitorwatcher.js] [39m[connector-server-1] receive addServer signal: {"action":"addServer","server":{"main":"/usr/local/games/hlbgame/game-server/app.js","env":"development","id":"login-server-2","host":"127.0.0.1","port":5051,"serverType":"login","pid":4045}}
[2019-06-26 04:11:48.403] [INFO] pomelo - [32m[/usr/local/games/hlbgame/game-server/node_modules/pomelo/lib/application.js] [39mapplication inited: "connector-server-1"
[2019-06-26 04:11:51.492] [INFO] pomelo - [32m[/usr/local/games/hlbgame/game-server/node_modules/pomelo/lib/application.js] [39m"connector-server-1" enter after start...
[2019-06-26 04:11:51.499] [INFO] pomelo - [32m[/usr/local/games/hlbgame/game-server/node_modules/pomelo/lib/application.js] [39m"connector-server-1" finish start
[2019-06-26 04:11:51.512] [INFO] pomelo - [32m[/usr/local/games/hlbgame/game-server/node_modules/pomelo/lib/application.js] [39m"connector-server-1" startup in 2749 ms
[2019-06-26 04:11:51.632] [DEBUG] pomelo - [36m[/usr/local/games/hlbgame/game-server/node_modules/pomelo/lib/modules/monitorwatcher.js] [39m[connector-server-1] receive addServer signal: {"action":"addServer","server":{"main":"/usr/local/games/hlbgame/game-server/app.js","env":"development","id":"login-server-3","host":"127.0.0.1","port":5052,"serverType":"login","pid":4453}}
[2019-06-26 04:28:14.844] [INFO] pomelo - [32m[/usr/local/games/hlbgame/game-server/node_modules/pomelo/lib/application.js] [39mapplication inited: "connector-server-1"
[2019-06-26 04:28:17.998] [INFO] pomelo - [32m[/usr/local/games/hlbgame/game-server/node_modules/pomelo/lib/application.js] [39m"connector-server-1" enter after start...
[2019-06-26 04:28:18.002] [DEBUG] pomelo - [36m[/usr/local/games/hlbgame/game-server/node_modules/pomelo/lib/modules/monitorwatcher.js] [39m[connector-server-1] receive addServer signal: {"action":"addServer","server":{"main":"/usr/local/games/hlbgame/game-server/app.js","env":"development","id":"connector-server-3","host":"127.0.0.1","port":4052,"clientPort":3052,"frontend":"true","serverType":"connector","pid":4539}}
[2019-06-26 04:28:18.010] [INFO] pomelo - [32m[/usr/local/games/hlbgame/game-server/node_modules/pomelo/lib/application.js] [39m"connector-server-1" finish start
[2019-06-26 04:28:18.010] [INFO] pomelo - [32m[/usr/local/games/hlbgame/game-server/node_modules/pomelo/lib/application.js] [39m"connector-server-1" startup in 2769 ms
[2019-06-26 04:28:18.011] [DEBUG] pomelo - [36m[/usr/local/games/hlbgame/game-server/node_modules/pomelo/lib/modules/monitorwatcher.js] [39m[connector-server-1] receive addServer signal: {"action":"addServer","server":{"main":"/usr/local/games/hlbgame/game-server/app.js","env":"development","id":"connector-server-2","host":"127.0.0.1","port":4051,"clientPort":3051,"frontend":"true","serverType":"connector","pid":4533}}
[2019-06-26 04:30:06.041] [INFO] pomelo - [32m[/usr/local/games/hlbgame/game-server/node_modules/pomelo/lib/application.js] [39mapplication inited: "connector-server-1"
[2019-06-26 04:30:08.886] [INFO] pomelo - [32m[/usr/local/games/hlbgame/game-server/node_modules/pomelo/lib/application.js] [39m"connector-server-1" enter after start...
[2019-06-26 04:30:08.898] [INFO] pomelo - [32m[/usr/local/games/hlbgame/game-server/node_modules/pomelo/lib/application.js] [39m"connector-server-1" finish start
[2019-06-26 04:30:08.901] [INFO] pomelo - [32m[/usr/local/games/hlbgame/game-server/node_modules/pomelo/lib/application.js] [39m"connector-server-1" startup in 2527 ms
[2019-07-01 23:29:08.615] [INFO] pomelo - [32m[/usr/local/games/hlbgame/game-server/node_modules/pomelo/lib/application.js] [39mapplication inited: "connector-server-1"
[2019-07-01 23:29:12.621] [INFO] pomelo - [32m[/usr/local/games/hlbgame/game-server/node_modules/pomelo/lib/application.js] [39m"connector-server-1" enter after start...
[2019-07-01 23:29:12.634] [INFO] pomelo - [32m[/usr/local/games/hlbgame/game-server/node_modules/pomelo/lib/application.js] [39m"connector-server-1" finish start
[2019-07-01 23:29:12.637] [INFO] pomelo - [32m[/usr/local/games/hlbgame/game-server/node_modules/pomelo/lib/application.js] [39m"connector-server-1" startup in 3604 ms
[2019-08-12 19:17:11.836] [INFO] pomelo - [32m[/usr/local/games/hlbgame/game-server/node_modules/pomelo/lib/application.js] [39mapplication inited: "connector-server-1"
[2019-08-12 19:17:18.483] [INFO] pomelo - [32m[/usr/local/games/hlbgame/game-server/node_modules/pomelo/lib/application.js] [39m"connector-server-1" enter after start...
[2019-08-12 19:17:18.489] [INFO] pomelo - [32m[/usr/local/games/hlbgame/game-server/node_modules/pomelo/lib/application.js] [39m"connector-server-1" finish start
[2019-08-12 19:17:18.493] [INFO] pomelo - [32m[/usr/local/games/hlbgame/game-server/node_modules/pomelo/lib/application.js] [39m"connector-server-1" startup in 5760 ms
[2019-08-12 19:18:40.424] [INFO] pomelo - [32m[/usr/local/games/hlbgame/game-server/node_modules/pomelo/lib/application.js] [39mapplication inited: "connector-server-1"
[2019-08-12 19:18:42.929] [INFO] pomelo - [32m[/usr/local/games/hlbgame/game-server/node_modules/pomelo/lib/application.js] [39m"connector-server-1" enter after start...
[2019-08-12 19:18:43.024] [INFO] pomelo - [32m[/usr/local/games/hlbgame/game-server/node_modules/pomelo/lib/application.js] [39m"connector-server-1" finish start
[2019-08-12 19:18:43.025] [INFO] pomelo - [32m[/usr/local/games/hlbgame/game-server/node_modules/pomelo/lib/application.js] [39m"connector-server-1" startup in 2152 ms
[2019-08-12 19:18:43.075] [DEBUG] pomelo - [36m[/usr/local/games/hlbgame/game-server/node_modules/pomelo/lib/modules/monitorwatcher.js] [39m[connector-server-1] receive addServer signal: {"action":"addServer","server":{"main":"/usr/local/games/hlbgame/game-server/app.js","env":"development","id":"connector-server-3","host":"192.168.198.128","port":4052,"clientPort":3052,"frontend":"true","serverType":"connector","pid":2795}}
[2019-08-12 19:18:43.155] [DEBUG] pomelo - [36m[/usr/local/games/hlbgame/game-server/node_modules/pomelo/lib/modules/monitorwatcher.js] [39m[connector-server-1] receive addServer signal: {"action":"addServer","server":{"main":"/usr/local/games/hlbgame/game-server/app.js","env":"development","id":"connector-server-2","host":"192.168.198.128","port":4051,"clientPort":3051,"frontend":"true","serverType":"connector","pid":2794}}
[2019-08-12 19:25:03.604] [INFO] pomelo - [32m[/usr/local/games/hlbgame/game-server/node_modules/pomelo/lib/application.js] [39mapplication inited: "connector-server-1"
[2019-08-12 19:25:06.110] [INFO] pomelo - [32m[/usr/local/games/hlbgame/game-server/node_modules/pomelo/lib/application.js] [39m"connector-server-1" enter after start...
[2019-08-12 19:25:06.128] [DEBUG] pomelo - [36m[/usr/local/games/hlbgame/game-server/node_modules/pomelo/lib/modules/monitorwatcher.js] [39m[connector-server-1] receive addServer signal: {"action":"addServer","server":{"main":"/usr/local/games/hlbgame/game-server/app.js","env":"development","id":"login-server-2","host":"192.168.198.128","port":5051,"serverType":"login","pid":2897}}
[2019-08-12 19:25:06.130] [INFO] pomelo - [32m[/usr/local/games/hlbgame/game-server/node_modules/pomelo/lib/application.js] [39m"connector-server-1" finish start
[2019-08-12 19:25:06.130] [INFO] pomelo - [32m[/usr/local/games/hlbgame/game-server/node_modules/pomelo/lib/application.js] [39m"connector-server-1" startup in 2019 ms
[2019-08-12 19:25:06.203] [DEBUG] pomelo - [36m[/usr/local/games/hlbgame/game-server/node_modules/pomelo/lib/modules/monitorwatcher.js] [39m[connector-server-1] receive addServer signal: {"action":"addServer","server":{"main":"/usr/local/games/hlbgame/game-server/app.js","env":"development","id":"login-server-3","host":"192.168.198.128","port":5052,"serverType":"login","pid":2911}}
[2019-08-12 19:33:29.877] [INFO] pomelo - [32m[/usr/local/games/hlbgame/game-server/node_modules/pomelo/lib/application.js] [39mapplication inited: "connector-server-1"
[2019-08-12 19:33:33.256] [INFO] pomelo - [32m[/usr/local/games/hlbgame/game-server/node_modules/pomelo/lib/application.js] [39m"connector-server-1" enter after start...
[2019-08-12 19:33:33.266] [INFO] pomelo - [32m[/usr/local/games/hlbgame/game-server/node_modules/pomelo/lib/application.js] [39m"connector-server-1" finish start
[2019-08-12 19:33:33.266] [INFO] pomelo - [32m[/usr/local/games/hlbgame/game-server/node_modules/pomelo/lib/application.js] [39m"connector-server-1" startup in 2864 ms
[2019-08-12 19:37:14.000] [INFO] pomelo - [32m[/usr/local/games/hlbgame/game-server/node_modules/pomelo/lib/application.js] [39mapplication inited: "connector-server-1"
[2019-08-12 19:37:16.333] [INFO] pomelo - [32m[/usr/local/games/hlbgame/game-server/node_modules/pomelo/lib/application.js] [39m"connector-server-1" enter after start...
[2019-08-12 19:37:16.350] [INFO] pomelo - [32m[/usr/local/games/hlbgame/game-server/node_modules/pomelo/lib/application.js] [39m"connector-server-1" finish start
[2019-08-12 19:37:16.350] [INFO] pomelo - [32m[/usr/local/games/hlbgame/game-server/node_modules/pomelo/lib/application.js] [39m"connector-server-1" startup in 1870 ms
[2019-08-12 19:37:16.440] [DEBUG] pomelo - [36m[/usr/local/games/hlbgame/game-server/node_modules/pomelo/lib/modules/monitorwatcher.js] [39m[connector-server-1] receive addServer signal: {"action":"addServer","server":{"main":"/usr/local/games/hlbgame/game-server/app.js","env":"development","id":"connector-server-3","host":"192.168.198.128","port":4052,"clientPort":3052,"frontend":"true","serverType":"connector","pid":3599}}
[2019-08-12 20:23:15.990] [DEBUG] pomelo - [36m[/usr/local/games/hlbgame/game-server/node_modules/pomelo/lib/components/connector.js] [39m[connector-server-1] getSession session is created with session id: 1
[2019-08-12 20:23:16.082] [DEBUG] pomelo - [36m[/usr/local/games/hlbgame/game-server/node_modules/pomelo/lib/components/connector.js] [39m[connector-server-1] handleMessage session id: 1, msg: {"id":2,"type":0,"compressRoute":1,"route":"login.loginHandler.login","body":"hlbtest","compressGzip":0}
[2019-08-12 20:23:16.100] [ERROR] pomelo - [31m[/usr/local/games/hlbgame/game-server/node_modules/pomelo/lib/server/server.js] [39mfail to process remote message:ReferenceError: app is not defined
    at Handler.handler.login (/usr/local/games/hlbgame/game-server/app/servers/login/handler/loginHandler.js:14:14)
    at Service.handle (/usr/local/games/hlbgame/game-server/node_modules/pomelo/lib/common/service/handlerService.js:59:20)
    at handle (/usr/local/games/hlbgame/game-server/node_modules/pomelo/lib/server/server.js:375:25)
    at next (/usr/local/games/hlbgame/game-server/node_modules/pomelo/lib/common/service/filterService.js:50:7)
    at Service.beforeFilter (/usr/local/games/hlbgame/game-server/node_modules/pomelo/lib/common/service/filterService.js:65:3)
    at beforeFilter (/usr/local/games/hlbgame/game-server/node_modules/pomelo/lib/server/server.js:242:8)
    at doHandle (/usr/local/games/hlbgame/game-server/node_modules/pomelo/lib/server/server.js:388:3)
    at Server.pro.handle (/usr/local/games/hlbgame/game-server/node_modules/pomelo/lib/server/server.js:125:3)
    at Component.pro.handle (/usr/local/games/hlbgame/game-server/node_modules/pomelo/lib/components/server.js:67:14)
    at Remote.forwardMessage (/usr/local/games/hlbgame/game-server/node_modules/pomelo/lib/common/remote/backend/msgRemote.js:45:10)
[2019-08-12 20:23:16.103] [DEBUG] pomelo - [36m[/usr/local/games/hlbgame/game-server/node_modules/pomelo/lib/components/connector.js] [39m[connector-server-1] send message reqId: 2, route: login.loginHandler.login, msg: {"code":500}, receivers: [1], opts: {"type":"response","userOptions":{},"isResponse":true}
[2019-08-12 20:30:26.919] [DEBUG] pomelo - [36m[/usr/local/games/hlbgame/game-server/node_modules/pomelo/lib/common/service/sessionService.js] [39msession on [connector-server-1] is closed with session id: 1
[2019-08-12 20:30:31.368] [DEBUG] pomelo - [36m[/usr/local/games/hlbgame/game-server/node_modules/pomelo/lib/components/connector.js] [39m[connector-server-1] getSession session is created with session id: 2
[2019-08-12 20:30:31.402] [DEBUG] pomelo - [36m[/usr/local/games/hlbgame/game-server/node_modules/pomelo/lib/components/connector.js] [39m[connector-server-1] handleMessage session id: 2, msg: {"id":2,"type":0,"compressRoute":1,"route":"connector.entryHandler.enter","body":" enter...","compressGzip":0}
[2019-08-12 20:30:31.406] [DEBUG] pomelo - [36m[/usr/local/games/hlbgame/game-server/node_modules/pomelo/lib/components/connector.js] [39m[connector-server-1] send message reqId: 2, route: connector.entryHandler.enter, msg: {"code":200,"msg":"connector server is ok."}, receivers: [2], opts: {"type":"response","userOptions":{},"isResponse":true}
[2019-08-12 20:31:04.057] [DEBUG] pomelo - [36m[/usr/local/games/hlbgame/game-server/node_modules/pomelo/lib/common/service/sessionService.js] [39msession on [connector-server-1] is closed with session id: 2
[2019-08-12 20:31:09.172] [DEBUG] pomelo - [36m[/usr/local/games/hlbgame/game-server/node_modules/pomelo/lib/components/connector.js] [39m[connector-server-1] getSession session is created with session id: 3
[2019-08-12 20:31:09.229] [DEBUG] pomelo - [36m[/usr/local/games/hlbgame/game-server/node_modules/pomelo/lib/components/connector.js] [39m[connector-server-1] handleMessage session id: 3, msg: {"id":2,"type":0,"compressRoute":1,"route":"connector.entryHandler.enter","body":" enter...","compressGzip":0}
[2019-08-12 20:31:09.230] [DEBUG] pomelo - [36m[/usr/local/games/hlbgame/game-server/node_modules/pomelo/lib/components/connector.js] [39m[connector-server-1] send message reqId: 2, route: connector.entryHandler.enter, msg: {"code":200,"msg":"connector server is ok."}, receivers: [3], opts: {"type":"response","userOptions":{},"isResponse":true}
[2019-08-12 20:34:32.878] [DEBUG] pomelo - [36m[/usr/local/games/hlbgame/game-server/node_modules/pomelo/lib/common/service/sessionService.js] [39msession on [connector-server-1] is closed with session id: 3
[2019-08-12 20:34:38.511] [DEBUG] pomelo - [36m[/usr/local/games/hlbgame/game-server/node_modules/pomelo/lib/components/connector.js] [39m[connector-server-1] getSession session is created with session id: 4
[2019-08-12 20:34:38.541] [DEBUG] pomelo - [36m[/usr/local/games/hlbgame/game-server/node_modules/pomelo/lib/components/connector.js] [39m[connector-server-1] handleMessage session id: 4, msg: {"id":2,"type":0,"compressRoute":1,"route":"login.loginHandler.login","body":" enter...","compressGzip":0}
[2019-08-12 20:34:38.583] [ERROR] pomelo - [31m[/usr/local/games/hlbgame/game-server/node_modules/pomelo/lib/server/server.js] [39mfail to process remote message:ReferenceError: app is not defined
    at Handler.handler.login (/usr/local/games/hlbgame/game-server/app/servers/login/handler/loginHandler.js:14:14)
    at Service.handle (/usr/local/games/hlbgame/game-server/node_modules/pomelo/lib/common/service/handlerService.js:59:20)
    at handle (/usr/local/games/hlbgame/game-server/node_modules/pomelo/lib/server/server.js:375:25)
    at next (/usr/local/games/hlbgame/game-server/node_modules/pomelo/lib/common/service/filterService.js:50:7)
    at Service.beforeFilter (/usr/local/games/hlbgame/game-server/node_modules/pomelo/lib/common/service/filterService.js:65:3)
    at beforeFilter (/usr/local/games/hlbgame/game-server/node_modules/pomelo/lib/server/server.js:242:8)
    at doHandle (/usr/local/games/hlbgame/game-server/node_modules/pomelo/lib/server/server.js:388:3)
    at Server.pro.handle (/usr/local/games/hlbgame/game-server/node_modules/pomelo/lib/server/server.js:125:3)
    at Component.pro.handle (/usr/local/games/hlbgame/game-server/node_modules/pomelo/lib/components/server.js:67:14)
    at Remote.forwardMessage (/usr/local/games/hlbgame/game-server/node_modules/pomelo/lib/common/remote/backend/msgRemote.js:45:10)
[2019-08-12 20:34:38.585] [DEBUG] pomelo - [36m[/usr/local/games/hlbgame/game-server/node_modules/pomelo/lib/components/connector.js] [39m[connector-server-1] send message reqId: 2, route: login.loginHandler.login, msg: {"code":500}, receivers: [4], opts: {"type":"response","userOptions":{},"isResponse":true}
[2019-08-12 20:47:28.650] [DEBUG] pomelo - [36m[/usr/local/games/hlbgame/game-server/node_modules/pomelo/lib/common/service/sessionService.js] [39msession on [connector-server-1] is closed with session id: 4
[2019-08-12 20:47:33.922] [DEBUG] pomelo - [36m[/usr/local/games/hlbgame/game-server/node_modules/pomelo/lib/components/connector.js] [39m[connector-server-1] getSession session is created with session id: 5
[2019-08-12 20:47:33.988] [DEBUG] pomelo - [36m[/usr/local/games/hlbgame/game-server/node_modules/pomelo/lib/components/connector.js] [39m[connector-server-1] handleMessage session id: 5, msg: {"id":2,"type":0,"compressRoute":0,"route":"app.rpc.login.loginHandler.login","body":" enter...","compressGzip":0}
[2019-08-12 20:47:33.989] [DEBUG] pomelo - [36m[/usr/local/games/hlbgame/game-server/node_modules/pomelo/lib/components/connector.js] [39m[connector-server-1] send message reqId: 2, route: app.rpc.login.loginHandler.login, msg: {"code":500}, receivers: [5], opts: {"type":"response","userOptions":{},"isResponse":true}
[2019-08-12 20:48:15.858] [DEBUG] pomelo - [36m[/usr/local/games/hlbgame/game-server/node_modules/pomelo/lib/common/service/sessionService.js] [39msession on [connector-server-1] is closed with session id: 5
[2019-08-12 20:48:20.784] [DEBUG] pomelo - [36m[/usr/local/games/hlbgame/game-server/node_modules/pomelo/lib/components/connector.js] [39m[connector-server-1] getSession session is created with session id: 6
[2019-08-12 20:48:20.820] [DEBUG] pomelo - [36m[/usr/local/games/hlbgame/game-server/node_modules/pomelo/lib/components/connector.js] [39m[connector-server-1] handleMessage session id: 6, msg: {"id":2,"type":0,"compressRoute":0,"route":"app.rpc.login.loginHandler.login","body":" enter...","compressGzip":0}
[2019-08-12 20:48:20.820] [DEBUG] pomelo - [36m[/usr/local/games/hlbgame/game-server/node_modules/pomelo/lib/components/connector.js] [39m[connector-server-1] send message reqId: 2, route: app.rpc.login.loginHandler.login, msg: {"code":500}, receivers: [6], opts: {"type":"response","userOptions":{},"isResponse":true}
[2019-08-12 20:48:30.765] [INFO] pomelo - [32m[/usr/local/games/hlbgame/game-server/node_modules/pomelo/lib/application.js] [39mapplication inited: "connector-server-1"
[2019-08-12 20:48:34.155] [INFO] pomelo - [32m[/usr/local/games/hlbgame/game-server/node_modules/pomelo/lib/application.js] [39m"connector-server-1" enter after start...
[2019-08-12 20:48:34.174] [INFO] pomelo - [32m[/usr/local/games/hlbgame/game-server/node_modules/pomelo/lib/application.js] [39m"connector-server-1" finish start
[2019-08-12 20:48:34.180] [INFO] pomelo - [32m[/usr/local/games/hlbgame/game-server/node_modules/pomelo/lib/application.js] [39m"connector-server-1" startup in 2702 ms
[2019-08-12 20:51:46.160] [INFO] pomelo - [32m[/usr/local/games/hlbgame/game-server/node_modules/pomelo/lib/application.js] [39mapplication inited: "connector-server-1"
[2019-08-12 20:51:48.602] [INFO] pomelo - [32m[/usr/local/games/hlbgame/game-server/node_modules/pomelo/lib/application.js] [39m"connector-server-1" enter after start...
[2019-08-12 20:51:48.630] [INFO] pomelo - [32m[/usr/local/games/hlbgame/game-server/node_modules/pomelo/lib/application.js] [39m"connector-server-1" finish start
[2019-08-12 20:51:48.695] [INFO] pomelo - [32m[/usr/local/games/hlbgame/game-server/node_modules/pomelo/lib/application.js] [39m"connector-server-1" startup in 2062 ms
[2019-08-12 20:51:48.793] [DEBUG] pomelo - [36m[/usr/local/games/hlbgame/game-server/node_modules/pomelo/lib/modules/monitorwatcher.js] [39m[connector-server-1] receive addServer signal: {"action":"addServer","server":{"main":"/usr/local/games/hlbgame/game-server/app.js","env":"development","id":"connector-server-3","host":"192.168.198.128","port":4052,"clientPort":3052,"frontend":"true","serverType":"connector","pid":3787}}
[2019-08-12 20:52:17.773] [DEBUG] pomelo - [36m[/usr/local/games/hlbgame/game-server/node_modules/pomelo/lib/components/connector.js] [39m[connector-server-1] getSession session is created with session id: 1
[2019-08-12 20:52:17.798] [DEBUG] pomelo - [36m[/usr/local/games/hlbgame/game-server/node_modules/pomelo/lib/components/connector.js] [39m[connector-server-1] handleMessage session id: 1, msg: {"id":2,"type":0,"compressRoute":0,"route":"app.rpc.login.loginRemote.login","body":" enter...","compressGzip":0}
[2019-08-12 20:52:17.800] [DEBUG] pomelo - [36m[/usr/local/games/hlbgame/game-server/node_modules/pomelo/lib/components/connector.js] [39m[connector-server-1] send message reqId: 2, route: app.rpc.login.loginRemote.login, msg: {"code":500}, receivers: [1], opts: {"type":"response","userOptions":{},"isResponse":true}
[2019-08-12 22:11:49.314] [DEBUG] pomelo - [36m[/usr/local/games/hlbgame/game-server/node_modules/pomelo/lib/common/service/sessionService.js] [39msession on [connector-server-1] is closed with session id: 1
[2019-08-12 22:11:54.170] [DEBUG] pomelo - [36m[/usr/local/games/hlbgame/game-server/node_modules/pomelo/lib/components/connector.js] [39m[connector-server-1] getSession session is created with session id: 2
[2019-08-12 22:11:54.210] [DEBUG] pomelo - [36m[/usr/local/games/hlbgame/game-server/node_modules/pomelo/lib/components/connector.js] [39m[connector-server-1] handleMessage session id: 2, msg: {"id":2,"type":0,"compressRoute":0,"route":"rpc.login.loginRemote.login","body":" enter...","compressGzip":0}
[2019-08-12 22:11:54.211] [DEBUG] pomelo - [36m[/usr/local/games/hlbgame/game-server/node_modules/pomelo/lib/components/connector.js] [39m[connector-server-1] send message reqId: 2, route: rpc.login.loginRemote.login, msg: {"code":500}, receivers: [2], opts: {"type":"response","userOptions":{},"isResponse":true}
[2019-08-13 19:25:53.048] [DEBUG] pomelo - [36m[/usr/local/games/hlbgame/game-server/node_modules/pomelo/lib/common/service/sessionService.js] [39msession on [connector-server-1] is closed with session id: 2
[2019-08-13 19:26:15.297] [DEBUG] pomelo - [36m[/usr/local/games/hlbgame/game-server/node_modules/pomelo/lib/components/connector.js] [39m[connector-server-1] getSession session is created with session id: 3
[2019-08-13 19:26:15.326] [DEBUG] pomelo - [36m[/usr/local/games/hlbgame/game-server/node_modules/pomelo/lib/components/connector.js] [39m[connector-server-1] handleMessage session id: 3, msg: {"id":2,"type":0,"compressRoute":0,"route":"login.loginRemote.login","body":" enter...","compressGzip":0}
[2019-08-13 19:26:15.422] [ERROR] pomelo - [31m[/usr/local/games/hlbgame/game-server/node_modules/pomelo/lib/server/server.js] [39mfail to process remote message:Error: fail to find handler for undefined
    at Service.handle (/usr/local/games/hlbgame/game-server/node_modules/pomelo/lib/common/service/handlerService.js:35:30)
    at handle (/usr/local/games/hlbgame/game-server/node_modules/pomelo/lib/server/server.js:375:25)
    at next (/usr/local/games/hlbgame/game-server/node_modules/pomelo/lib/common/service/filterService.js:50:7)
    at Service.beforeFilter (/usr/local/games/hlbgame/game-server/node_modules/pomelo/lib/common/service/filterService.js:65:3)
    at beforeFilter (/usr/local/games/hlbgame/game-server/node_modules/pomelo/lib/server/server.js:242:8)
    at doHandle (/usr/local/games/hlbgame/game-server/node_modules/pomelo/lib/server/server.js:388:3)
    at Server.pro.handle (/usr/local/games/hlbgame/game-server/node_modules/pomelo/lib/server/server.js:125:3)
    at Component.pro.handle (/usr/local/games/hlbgame/game-server/node_modules/pomelo/lib/components/server.js:67:14)
    at Remote.forwardMessage (/usr/local/games/hlbgame/game-server/node_modules/pomelo/lib/common/remote/backend/msgRemote.js:45:10)
    at Dispatcher.pro.route (/usr/local/games/hlbgame/game-server/node_modules/pomelo-rpc/lib/rpc-server/dispatcher.js:52:10)
[2019-08-13 19:26:15.424] [DEBUG] pomelo - [36m[/usr/local/games/hlbgame/game-server/node_modules/pomelo/lib/components/connector.js] [39m[connector-server-1] send message reqId: 2, route: login.loginRemote.login, msg: {"code":500}, receivers: [3], opts: {"type":"response","userOptions":{},"isResponse":true}
[2019-08-13 19:54:18.570] [DEBUG] pomelo - [36m[/usr/local/games/hlbgame/game-server/node_modules/pomelo/lib/common/service/sessionService.js] [39msession on [connector-server-1] is closed with session id: 3
[2019-08-13 19:54:23.417] [DEBUG] pomelo - [36m[/usr/local/games/hlbgame/game-server/node_modules/pomelo/lib/components/connector.js] [39m[connector-server-1] getSession session is created with session id: 4
[2019-08-13 19:54:23.452] [DEBUG] pomelo - [36m[/usr/local/games/hlbgame/game-server/node_modules/pomelo/lib/components/connector.js] [39m[connector-server-1] handleMessage session id: 4, msg: {"id":2,"type":0,"compressRoute":0,"route":"login.loginRemote.login","body":" enter...","compressGzip":0}
[2019-08-13 19:54:23.523] [ERROR] pomelo - [31m[/usr/local/games/hlbgame/game-server/node_modules/pomelo/lib/server/server.js] [39mfail to process remote message:Error: fail to find handler for undefined
    at Service.handle (/usr/local/games/hlbgame/game-server/node_modules/pomelo/lib/common/service/handlerService.js:35:30)
    at handle (/usr/local/games/hlbgame/game-server/node_modules/pomelo/lib/server/server.js:375:25)
    at next (/usr/local/games/hlbgame/game-server/node_modules/pomelo/lib/common/service/filterService.js:50:7)
    at Service.beforeFilter (/usr/local/games/hlbgame/game-server/node_modules/pomelo/lib/common/service/filterService.js:65:3)
    at beforeFilter (/usr/local/games/hlbgame/game-server/node_modules/pomelo/lib/server/server.js:242:8)
    at doHandle (/usr/local/games/hlbgame/game-server/node_modules/pomelo/lib/server/server.js:388:3)
    at Server.pro.handle (/usr/local/games/hlbgame/game-server/node_modules/pomelo/lib/server/server.js:125:3)
    at Component.pro.handle (/usr/local/games/hlbgame/game-server/node_modules/pomelo/lib/components/server.js:67:14)
    at Remote.forwardMessage (/usr/local/games/hlbgame/game-server/node_modules/pomelo/lib/common/remote/backend/msgRemote.js:45:10)
    at Dispatcher.pro.route (/usr/local/games/hlbgame/game-server/node_modules/pomelo-rpc/lib/rpc-server/dispatcher.js:52:10)
[2019-08-13 19:54:23.524] [DEBUG] pomelo - [36m[/usr/local/games/hlbgame/game-server/node_modules/pomelo/lib/components/connector.js] [39m[connector-server-1] send message reqId: 2, route: login.loginRemote.login, msg: {"code":500}, receivers: [4], opts: {"type":"response","userOptions":{},"isResponse":true}
[2019-08-13 20:34:58.557] [INFO] pomelo - [32m[/usr/local/games/hlbgame/game-server/node_modules/pomelo/lib/application.js] [39mapplication inited: "connector-server-1"
[2019-08-13 20:35:41.544] [INFO] pomelo - [32m[/usr/local/games/hlbgame/game-server/node_modules/pomelo/lib/application.js] [39mapplication inited: "connector-server-1"
[2019-08-13 20:35:44.417] [INFO] pomelo - [32m[/usr/local/games/hlbgame/game-server/node_modules/pomelo/lib/application.js] [39m"connector-server-1" enter after start...
[2019-08-13 20:35:44.424] [DEBUG] pomelo - [36m[/usr/local/games/hlbgame/game-server/node_modules/pomelo/lib/modules/monitorwatcher.js] [39m[connector-server-1] receive addServer signal: {"action":"addServer","server":{"main":"/usr/local/games/hlbgame/game-server/app.js","env":"development","id":"connector-server-3","host":"192.168.198.128","port":4052,"clientPort":3052,"frontend":"true","serverType":"connector","pid":4356}}
[2019-08-13 20:35:44.436] [INFO] pomelo - [32m[/usr/local/games/hlbgame/game-server/node_modules/pomelo/lib/application.js] [39m"connector-server-1" finish start
[2019-08-13 20:35:44.447] [INFO] pomelo - [32m[/usr/local/games/hlbgame/game-server/node_modules/pomelo/lib/application.js] [39m"connector-server-1" startup in 2409 ms
[2019-08-13 20:35:44.500] [DEBUG] pomelo - [36m[/usr/local/games/hlbgame/game-server/node_modules/pomelo/lib/modules/monitorwatcher.js] [39m[connector-server-1] receive addServer signal: {"action":"addServer","server":{"main":"/usr/local/games/hlbgame/game-server/app.js","env":"development","id":"connector-server-2","host":"192.168.198.128","port":4051,"clientPort":3051,"frontend":"true","serverType":"connector","pid":4350}}
[2019-08-13 20:37:12.689] [INFO] pomelo - [32m[/usr/local/games/hlbgame/game-server/node_modules/pomelo/lib/application.js] [39mapplication inited: "connector-server-1"
[2019-08-13 20:37:15.034] [INFO] pomelo - [32m[/usr/local/games/hlbgame/game-server/node_modules/pomelo/lib/application.js] [39m"connector-server-1" enter after start...
[2019-08-13 20:37:15.058] [INFO] pomelo - [32m[/usr/local/games/hlbgame/game-server/node_modules/pomelo/lib/application.js] [39m"connector-server-1" finish start
[2019-08-13 20:37:15.058] [INFO] pomelo - [32m[/usr/local/games/hlbgame/game-server/node_modules/pomelo/lib/application.js] [39m"connector-server-1" startup in 1884 ms
[2019-08-13 20:37:15.065] [DEBUG] pomelo - [36m[/usr/local/games/hlbgame/game-server/node_modules/pomelo/lib/modules/monitorwatcher.js] [39m[connector-server-1] receive addServer signal: {"action":"addServer","server":{"main":"/usr/local/games/hlbgame/game-server/app.js","env":"development","id":"connector-server-2","host":"192.168.198.128","port":4051,"clientPort":3051,"frontend":"true","serverType":"connector","pid":4450}}
[2019-08-13 20:40:39.456] [INFO] pomelo - [32m[/usr/local/games/hlbgame/game-server/node_modules/pomelo/lib/application.js] [39mapplication inited: "connector-server-1"
[2019-08-13 20:40:42.173] [INFO] pomelo - [32m[/usr/local/games/hlbgame/game-server/node_modules/pomelo/lib/application.js] [39m"connector-server-1" enter after start...
[2019-08-13 20:40:42.193] [INFO] pomelo - [32m[/usr/local/games/hlbgame/game-server/node_modules/pomelo/lib/application.js] [39m"connector-server-1" finish start
[2019-08-13 20:40:42.194] [INFO] pomelo - [32m[/usr/local/games/hlbgame/game-server/node_modules/pomelo/lib/application.js] [39m"connector-server-1" startup in 2157 ms
[2019-08-13 20:59:14.585] [INFO] pomelo - [32m[/usr/local/games/hlbgame/game-server/node_modules/pomelo/lib/application.js] [39mapplication inited: "connector-server-1"
[2019-08-13 20:59:17.802] [INFO] pomelo - [32m[/usr/local/games/hlbgame/game-server/node_modules/pomelo/lib/application.js] [39m"connector-server-1" enter after start...
[2019-08-13 20:59:17.806] [INFO] pomelo - [32m[/usr/local/games/hlbgame/game-server/node_modules/pomelo/lib/application.js] [39m"connector-server-1" finish start
[2019-08-13 20:59:17.807] [INFO] pomelo - [32m[/usr/local/games/hlbgame/game-server/node_modules/pomelo/lib/application.js] [39m"connector-server-1" startup in 2552 ms
[2019-08-13 21:01:11.875] [INFO] pomelo - [32m[/usr/local/games/hlbgame/game-server/node_modules/pomelo/lib/application.js] [39mapplication inited: "connector-server-1"
[2019-08-13 21:01:14.662] [INFO] pomelo - [32m[/usr/local/games/hlbgame/game-server/node_modules/pomelo/lib/application.js] [39m"connector-server-1" enter after start...
[2019-08-13 21:01:14.678] [INFO] pomelo - [32m[/usr/local/games/hlbgame/game-server/node_modules/pomelo/lib/application.js] [39m"connector-server-1" finish start
[2019-08-13 21:01:14.691] [INFO] pomelo - [32m[/usr/local/games/hlbgame/game-server/node_modules/pomelo/lib/application.js] [39m"connector-server-1" startup in 2239 ms
[2019-08-13 21:01:14.750] [DEBUG] pomelo - [36m[/usr/local/games/hlbgame/game-server/node_modules/pomelo/lib/modules/monitorwatcher.js] [39m[connector-server-1] receive addServer signal: {"action":"addServer","server":{"main":"/usr/local/games/hlbgame/game-server/app.js","env":"development","id":"connector-server-2","host":"192.168.198.128","port":4051,"clientPort":3051,"frontend":"true","serverType":"connector","pid":4731}}
[2019-08-13 21:01:25.956] [DEBUG] pomelo - [36m[/usr/local/games/hlbgame/game-server/node_modules/pomelo/lib/components/connector.js] [39m[connector-server-1] getSession session is created with session id: 1
[2019-08-13 21:01:26.009] [DEBUG] pomelo - [36m[/usr/local/games/hlbgame/game-server/node_modules/pomelo/lib/components/connector.js] [39m[connector-server-1] handleMessage session id: 1, msg: {"id":2,"type":0,"compressRoute":1,"route":"login.loginHandler.login","body":" enter...","compressGzip":0}
[2019-08-13 21:01:26.072] [ERROR] pomelo - [31m[/usr/local/games/hlbgame/game-server/node_modules/pomelo/lib/server/server.js] [39mfail to process remote message:TypeError: console is not a function
    at Handler.handler.login (/usr/local/games/hlbgame/game-server/app/servers/login/handler/loginHandler.js:26:2)
    at Service.handle (/usr/local/games/hlbgame/game-server/node_modules/pomelo/lib/common/service/handlerService.js:59:20)
    at handle (/usr/local/games/hlbgame/game-server/node_modules/pomelo/lib/server/server.js:375:25)
    at next (/usr/local/games/hlbgame/game-server/node_modules/pomelo/lib/common/service/filterService.js:50:7)
    at Service.beforeFilter (/usr/local/games/hlbgame/game-server/node_modules/pomelo/lib/common/service/filterService.js:65:3)
    at beforeFilter (/usr/local/games/hlbgame/game-server/node_modules/pomelo/lib/server/server.js:242:8)
    at doHandle (/usr/local/games/hlbgame/game-server/node_modules/pomelo/lib/server/server.js:388:3)
    at Server.pro.handle (/usr/local/games/hlbgame/game-server/node_modules/pomelo/lib/server/server.js:125:3)
    at Component.pro.handle (/usr/local/games/hlbgame/game-server/node_modules/pomelo/lib/components/server.js:67:14)
    at Remote.forwardMessage (/usr/local/games/hlbgame/game-server/node_modules/pomelo/lib/common/remote/backend/msgRemote.js:45:10)
[2019-08-13 21:01:26.075] [DEBUG] pomelo - [36m[/usr/local/games/hlbgame/game-server/node_modules/pomelo/lib/components/connector.js] [39m[connector-server-1] send message reqId: 2, route: login.loginHandler.login, msg: {"code":500}, receivers: [1], opts: {"type":"response","userOptions":{},"isResponse":true}
[2019-08-13 21:02:00.913] [INFO] pomelo - [32m[/usr/local/games/hlbgame/game-server/node_modules/pomelo/lib/application.js] [39mapplication inited: "connector-server-1"
[2019-08-13 21:02:03.643] [INFO] pomelo - [32m[/usr/local/games/hlbgame/game-server/node_modules/pomelo/lib/application.js] [39m"connector-server-1" enter after start...
[2019-08-13 21:02:03.666] [INFO] pomelo - [32m[/usr/local/games/hlbgame/game-server/node_modules/pomelo/lib/application.js] [39m"connector-server-1" finish start
[2019-08-13 21:02:03.670] [INFO] pomelo - [32m[/usr/local/games/hlbgame/game-server/node_modules/pomelo/lib/application.js] [39m"connector-server-1" startup in 2156 ms
[2019-08-13 21:08:37.465] [INFO] pomelo - [32m[/usr/local/games/hlbgame/game-server/node_modules/pomelo/lib/application.js] [39mapplication inited: "connector-server-1"
[2019-08-13 21:08:40.387] [INFO] pomelo - [32m[/usr/local/games/hlbgame/game-server/node_modules/pomelo/lib/application.js] [39m"connector-server-1" enter after start...
[2019-08-13 21:08:40.390] [INFO] pomelo - [32m[/usr/local/games/hlbgame/game-server/node_modules/pomelo/lib/application.js] [39m"connector-server-1" finish start
[2019-08-13 21:08:40.392] [INFO] pomelo - [32m[/usr/local/games/hlbgame/game-server/node_modules/pomelo/lib/application.js] [39m"connector-server-1" startup in 2329 ms
[2019-08-13 21:10:21.908] [INFO] pomelo - [32m[/usr/local/games/hlbgame/game-server/node_modules/pomelo/lib/application.js] [39mapplication inited: "connector-server-1"
[2019-08-13 21:10:24.530] [INFO] pomelo - [32m[/usr/local/games/hlbgame/game-server/node_modules/pomelo/lib/application.js] [39m"connector-server-1" enter after start...
[2019-08-13 21:10:24.533] [INFO] pomelo - [32m[/usr/local/games/hlbgame/game-server/node_modules/pomelo/lib/application.js] [39m"connector-server-1" finish start
[2019-08-13 21:10:24.533] [INFO] pomelo - [32m[/usr/local/games/hlbgame/game-server/node_modules/pomelo/lib/application.js] [39m"connector-server-1" startup in 2135 ms
[2019-08-13 21:10:49.509] [INFO] pomelo - [32m[/usr/local/games/hlbgame/game-server/node_modules/pomelo/lib/application.js] [39mapplication inited: "connector-server-1"
[2019-08-13 21:10:52.056] [INFO] pomelo - [32m[/usr/local/games/hlbgame/game-server/node_modules/pomelo/lib/application.js] [39m"connector-server-1" enter after start...
[2019-08-13 21:10:52.074] [INFO] pomelo - [32m[/usr/local/games/hlbgame/game-server/node_modules/pomelo/lib/application.js] [39m"connector-server-1" finish start
[2019-08-13 21:10:52.074] [INFO] pomelo - [32m[/usr/local/games/hlbgame/game-server/node_modules/pomelo/lib/application.js] [39m"connector-server-1" startup in 2045 ms
[2019-08-13 21:10:54.175] [DEBUG] pomelo - [36m[/usr/local/games/hlbgame/game-server/node_modules/pomelo/lib/components/connector.js] [39m[connector-server-1] getSession session is created with session id: 1
[2019-08-13 21:10:54.203] [DEBUG] pomelo - [36m[/usr/local/games/hlbgame/game-server/node_modules/pomelo/lib/components/connector.js] [39m[connector-server-1] handleMessage session id: 1, msg: {"id":10,"type":0,"compressRoute":1,"route":"login.loginHandler.login","body":" enter...","compressGzip":0}
[2019-08-13 21:10:54.219] [DEBUG] pomelo - [36m[/usr/local/games/hlbgame/game-server/node_modules/pomelo/lib/components/connector.js] [39m[connector-server-1] send message reqId: 10, route: login.loginHandler.login, msg: {"route":"okkkkkkkkk"}, receivers: [1], opts: {"type":"response","userOptions":{},"isResponse":true}
[2019-08-13 21:12:36.213] [INFO] pomelo - [32m[/usr/local/games/hlbgame/game-server/node_modules/pomelo/lib/application.js] [39mapplication inited: "connector-server-1"
[2019-08-13 21:12:38.852] [INFO] pomelo - [32m[/usr/local/games/hlbgame/game-server/node_modules/pomelo/lib/application.js] [39m"connector-server-1" enter after start...
[2019-08-13 21:12:38.861] [INFO] pomelo - [32m[/usr/local/games/hlbgame/game-server/node_modules/pomelo/lib/application.js] [39m"connector-server-1" finish start
[2019-08-13 21:12:38.862] [INFO] pomelo - [32m[/usr/local/games/hlbgame/game-server/node_modules/pomelo/lib/application.js] [39m"connector-server-1" startup in 2133 ms
