[2019-06-25 04:58:03.311] [INFO] pomelo - [32m[/usr/local/games/hlbgame/game-server/node_modules/pomelo/lib/application.js] [39mapplication inited: "connector-server-3"
[2019-06-25 04:58:06.003] [INFO] pomelo - [32m[/usr/local/games/hlbgame/game-server/node_modules/pomelo/lib/application.js] [39m"connector-server-3" enter after start...
[2019-06-25 04:58:06.006] [INFO] pomelo - [32m[/usr/local/games/hlbgame/game-server/node_modules/pomelo/lib/application.js] [39m"connector-server-3" finish start
[2019-06-25 04:58:06.008] [INFO] pomelo - [32m[/usr/local/games/hlbgame/game-server/node_modules/pomelo/lib/application.js] [39m"connector-server-3" startup in 2366 ms
[2019-06-25 04:58:06.560] [DEBUG] pomelo - [36m[/usr/local/games/hlbgame/game-server/node_modules/pomelo/lib/modules/monitorwatcher.js] [39m[connector-server-3] receive addServer signal: {"action":"addServer","server":{"main":"/usr/local/games/hlbgame/game-server/app.js","env":"development","id":"login-server-3","host":"127.0.0.1","port":6052,"serverType":"login"}}
[2019-06-25 04:58:06.623] [DEBUG] pomelo - [36m[/usr/local/games/hlbgame/game-server/node_modules/pomelo/lib/modules/monitorwatcher.js] [39m[connector-server-3] receive addServer signal: {"action":"addServer","server":{"main":"/usr/local/games/hlbgame/game-server/app.js","env":"development","id":"login-server-1","host":"127.0.0.1","port":6050,"serverType":"login"}}
[2019-06-25 04:58:06.623] [DEBUG] pomelo - [36m[/usr/local/games/hlbgame/game-server/node_modules/pomelo/lib/modules/monitorwatcher.js] [39m[connector-server-3] receive addServer signal: {"action":"addServer","server":{"main":"/usr/local/games/hlbgame/game-server/app.js","env":"development","id":"login-server-2","host":"127.0.0.1","port":6051,"serverType":"login"}}
[2019-06-25 04:58:06.911] [DEBUG] pomelo - [36m[/usr/local/games/hlbgame/game-server/node_modules/pomelo/lib/modules/monitorwatcher.js] [39m[connector-server-3] receive addServer signal: {"action":"addServer","server":{"main":"/usr/local/games/hlbgame/game-server/app.js","env":"development","id":"gate-server-1","host":"127.0.0.1","clientPort":3014,"frontend":"true","serverType":"gate"}}
[2019-06-25 06:58:17.539] [INFO] pomelo - [32m[/usr/local/games/hlbgame/game-server/node_modules/pomelo/lib/application.js] [39mapplication inited: "connector-server-3"
[2019-06-25 06:58:21.446] [INFO] pomelo - [32m[/usr/local/games/hlbgame/game-server/node_modules/pomelo/lib/application.js] [39m"connector-server-3" enter after start...
[2019-06-25 06:58:21.455] [INFO] pomelo - [32m[/usr/local/games/hlbgame/game-server/node_modules/pomelo/lib/application.js] [39m"connector-server-3" finish start
[2019-06-25 06:58:21.458] [INFO] pomelo - [32m[/usr/local/games/hlbgame/game-server/node_modules/pomelo/lib/application.js] [39m"connector-server-3" startup in 3094 ms
[2019-06-25 07:11:05.666] [INFO] pomelo - [32m[/usr/local/games/hlbgame/game-server/node_modules/pomelo/lib/application.js] [39mapplication inited: "connector-server-3"
[2019-06-25 07:11:08.240] [INFO] pomelo - [32m[/usr/local/games/hlbgame/game-server/node_modules/pomelo/lib/application.js] [39m"connector-server-3" enter after start...
[2019-06-25 07:11:08.254] [INFO] pomelo - [32m[/usr/local/games/hlbgame/game-server/node_modules/pomelo/lib/application.js] [39m"connector-server-3" finish start
[2019-06-25 07:11:08.260] [INFO] pomelo - [32m[/usr/local/games/hlbgame/game-server/node_modules/pomelo/lib/application.js] [39m"connector-server-3" startup in 2212 ms
[2019-06-25 07:11:08.381] [DEBUG] pomelo - [36m[/usr/local/games/hlbgame/game-server/node_modules/pomelo/lib/modules/monitorwatcher.js] [39m[connector-server-3] receive addServer signal: {"action":"addServer","server":{"main":"/usr/local/games/hlbgame/game-server/app.js","env":"development","id":"login-server-1","host":"127.0.0.1","port":5050,"serverType":"login","pid":4043}}
[2019-06-25 07:11:08.476] [DEBUG] pomelo - [36m[/usr/local/games/hlbgame/game-server/node_modules/pomelo/lib/modules/monitorwatcher.js] [39m[connector-server-3] receive addServer signal: {"action":"addServer","server":{"main":"/usr/local/games/hlbgame/game-server/app.js","env":"development","id":"login-server-2","host":"127.0.0.1","port":5051,"serverType":"login","pid":4045}}
[2019-06-26 04:11:48.481] [INFO] pomelo - [32m[/usr/local/games/hlbgame/game-server/node_modules/pomelo/lib/application.js] [39mapplication inited: "connector-server-3"
[2019-06-26 04:11:51.508] [INFO] pomelo - [32m[/usr/local/games/hlbgame/game-server/node_modules/pomelo/lib/application.js] [39m"connector-server-3" enter after start...
[2019-06-26 04:11:51.512] [INFO] pomelo - [32m[/usr/local/games/hlbgame/game-server/node_modules/pomelo/lib/application.js] [39m"connector-server-3" finish start
[2019-06-26 04:11:51.528] [INFO] pomelo - [32m[/usr/local/games/hlbgame/game-server/node_modules/pomelo/lib/application.js] [39m"connector-server-3" startup in 2716 ms
[2019-06-26 04:11:51.634] [DEBUG] pomelo - [36m[/usr/local/games/hlbgame/game-server/node_modules/pomelo/lib/modules/monitorwatcher.js] [39m[connector-server-3] receive addServer signal: {"action":"addServer","server":{"main":"/usr/local/games/hlbgame/game-server/app.js","env":"development","id":"login-server-3","host":"127.0.0.1","port":5052,"serverType":"login","pid":4453}}
[2019-06-26 04:28:14.857] [INFO] pomelo - [32m[/usr/local/games/hlbgame/game-server/node_modules/pomelo/lib/application.js] [39mapplication inited: "connector-server-3"
[2019-06-26 04:28:18.072] [INFO] pomelo - [32m[/usr/local/games/hlbgame/game-server/node_modules/pomelo/lib/application.js] [39m"connector-server-3" enter after start...
[2019-06-26 04:28:18.075] [INFO] pomelo - [32m[/usr/local/games/hlbgame/game-server/node_modules/pomelo/lib/application.js] [39m"connector-server-3" finish start
[2019-06-26 04:28:18.077] [INFO] pomelo - [32m[/usr/local/games/hlbgame/game-server/node_modules/pomelo/lib/application.js] [39m"connector-server-3" startup in 2843 ms
[2019-06-26 04:30:06.066] [INFO] pomelo - [32m[/usr/local/games/hlbgame/game-server/node_modules/pomelo/lib/application.js] [39mapplication inited: "connector-server-3"
[2019-06-26 04:30:08.737] [INFO] pomelo - [32m[/usr/local/games/hlbgame/game-server/node_modules/pomelo/lib/application.js] [39m"connector-server-3" enter after start...
[2019-06-26 04:30:08.742] [INFO] pomelo - [32m[/usr/local/games/hlbgame/game-server/node_modules/pomelo/lib/application.js] [39m"connector-server-3" finish start
[2019-06-26 04:30:08.742] [INFO] pomelo - [32m[/usr/local/games/hlbgame/game-server/node_modules/pomelo/lib/application.js] [39m"connector-server-3" startup in 2366 ms
[2019-06-26 04:30:08.787] [DEBUG] pomelo - [36m[/usr/local/games/hlbgame/game-server/node_modules/pomelo/lib/modules/monitorwatcher.js] [39m[connector-server-3] receive addServer signal: {"action":"addServer","server":{"main":"/usr/local/games/hlbgame/game-server/app.js","env":"development","id":"gate-server-1","host":"192.168.198.128","clientPort":3014,"frontend":"true","serverType":"gate","pid":4633}}
[2019-06-26 04:30:08.812] [DEBUG] pomelo - [36m[/usr/local/games/hlbgame/game-server/node_modules/pomelo/lib/modules/monitorwatcher.js] [39m[connector-server-3] receive addServer signal: {"action":"addServer","server":{"main":"/usr/local/games/hlbgame/game-server/app.js","env":"development","id":"connector-server-1","host":"192.168.198.128","port":4050,"clientPort":3050,"frontend":"true","serverType":"connector","pid":4634}}
[2019-06-26 04:30:08.845] [DEBUG] pomelo - [36m[/usr/local/games/hlbgame/game-server/node_modules/pomelo/lib/modules/monitorwatcher.js] [39m[connector-server-3] receive addServer signal: {"action":"addServer","server":{"main":"/usr/local/games/hlbgame/game-server/app.js","env":"development","id":"connector-server-2","host":"192.168.198.128","port":4051,"clientPort":3051,"frontend":"true","serverType":"connector","pid":4636}}
[2019-06-26 04:31:24.579] [DEBUG] pomelo - [36m[/usr/local/games/hlbgame/game-server/node_modules/pomelo/lib/components/connector.js] [39m[connector-server-3] getSession session is created with session id: 1
[2019-06-26 04:31:57.586] [DEBUG] pomelo - [36m[/usr/local/games/hlbgame/game-server/node_modules/pomelo/lib/common/service/sessionService.js] [39msession on [connector-server-3] is closed with session id: 1
[2019-06-26 04:32:00.235] [DEBUG] pomelo - [36m[/usr/local/games/hlbgame/game-server/node_modules/pomelo/lib/components/connector.js] [39m[connector-server-3] getSession session is created with session id: 2
[2019-06-26 04:32:38.537] [DEBUG] pomelo - [36m[/usr/local/games/hlbgame/game-server/node_modules/pomelo/lib/components/connector.js] [39m[connector-server-3] getSession session is created with session id: 3
[2019-06-26 04:32:42.557] [INFO] pomelo - [32m[/usr/local/games/hlbgame/game-server/node_modules/pomelo/lib/connectors/commands/heartbeat.js] [39mclient 2 heartbeat timeout.
[2019-06-26 04:32:42.558] [DEBUG] pomelo - [36m[/usr/local/games/hlbgame/game-server/node_modules/pomelo/lib/common/service/sessionService.js] [39msession on [connector-server-3] is closed with session id: 2
[2019-06-26 04:32:47.589] [INFO] pomelo - [32m[/usr/local/games/hlbgame/game-server/node_modules/pomelo/lib/connectors/commands/heartbeat.js] [39mclient 3 heartbeat timeout.
[2019-06-26 04:32:47.590] [DEBUG] pomelo - [36m[/usr/local/games/hlbgame/game-server/node_modules/pomelo/lib/common/service/sessionService.js] [39msession on [connector-server-3] is closed with session id: 3
[2019-06-26 04:32:47.591] [DEBUG] pomelo - [36m[/usr/local/games/hlbgame/game-server/node_modules/pomelo/lib/components/connector.js] [39m[connector-server-3] getSession session is created with session id: 4
[2019-06-26 04:32:50.450] [DEBUG] pomelo - [36m[/usr/local/games/hlbgame/game-server/node_modules/pomelo/lib/common/service/sessionService.js] [39msession on [connector-server-3] is closed with session id: 4
[2019-06-26 04:32:52.634] [DEBUG] pomelo - [36m[/usr/local/games/hlbgame/game-server/node_modules/pomelo/lib/components/connector.js] [39m[connector-server-3] getSession session is created with session id: 5
[2019-06-26 07:33:19.109] [DEBUG] pomelo - [36m[/usr/local/games/hlbgame/game-server/node_modules/pomelo/lib/common/service/sessionService.js] [39msession on [connector-server-3] is closed with session id: 5
[2019-06-26 08:04:37.937] [DEBUG] pomelo - [36m[/usr/local/games/hlbgame/game-server/node_modules/pomelo/lib/components/connector.js] [39m[connector-server-3] getSession session is created with session id: 6
[2019-06-26 08:05:21.418] [DEBUG] pomelo - [36m[/usr/local/games/hlbgame/game-server/node_modules/pomelo/lib/common/service/sessionService.js] [39msession on [connector-server-3] is closed with session id: 6
[2019-06-26 08:05:25.652] [DEBUG] pomelo - [36m[/usr/local/games/hlbgame/game-server/node_modules/pomelo/lib/components/connector.js] [39m[connector-server-3] getSession session is created with session id: 7
[2019-06-26 08:05:25.799] [DEBUG] pomelo - [36m[/usr/local/games/hlbgame/game-server/node_modules/pomelo/lib/components/connector.js] [39m[connector-server-3] handleMessage session id: 7, msg: {"id":2,"type":0,"compressRoute":1,"route":"login.loginHandler.login","body":{},"compressGzip":0}
[2019-06-26 08:05:25.913] [DEBUG] pomelo - [36m[/usr/local/games/hlbgame/game-server/node_modules/pomelo/lib/components/connector.js] [39m[connector-server-3] send message reqId: 2, route: login.loginHandler.login, msg: {"code":200,"msg":"login server is ok."}, receivers: [7], opts: {"type":"response","userOptions":{},"isResponse":true}
[2019-06-26 08:13:35.434] [INFO] pomelo - [32m[/usr/local/games/hlbgame/game-server/node_modules/pomelo/lib/connectors/commands/heartbeat.js] [39mclient 7 heartbeat timeout.
[2019-06-26 08:13:35.438] [DEBUG] pomelo - [36m[/usr/local/games/hlbgame/game-server/node_modules/pomelo/lib/common/service/sessionService.js] [39msession on [connector-server-3] is closed with session id: 7
[2019-06-26 08:13:50.451] [DEBUG] pomelo - [36m[/usr/local/games/hlbgame/game-server/node_modules/pomelo/lib/components/connector.js] [39m[connector-server-3] getSession session is created with session id: 8
[2019-06-26 08:13:50.483] [DEBUG] pomelo - [36m[/usr/local/games/hlbgame/game-server/node_modules/pomelo/lib/components/connector.js] [39m[connector-server-3] handleMessage session id: 8, msg: {"id":3,"type":0,"compressRoute":1,"route":"login.loginHandler.login","body":{},"compressGzip":0}
[2019-06-26 08:13:50.527] [DEBUG] pomelo - [36m[/usr/local/games/hlbgame/game-server/node_modules/pomelo/lib/components/connector.js] [39m[connector-server-3] send message reqId: 3, route: login.loginHandler.login, msg: {"code":200,"msg":"login server is ok."}, receivers: [8], opts: {"type":"response","userOptions":{},"isResponse":true}
[2019-06-26 08:13:58.747] [INFO] pomelo - [32m[/usr/local/games/hlbgame/game-server/node_modules/pomelo/lib/connectors/commands/heartbeat.js] [39mclient 8 heartbeat timeout.
[2019-06-26 08:13:58.749] [DEBUG] pomelo - [36m[/usr/local/games/hlbgame/game-server/node_modules/pomelo/lib/common/service/sessionService.js] [39msession on [connector-server-3] is closed with session id: 8
[2019-06-26 08:14:03.827] [DEBUG] pomelo - [36m[/usr/local/games/hlbgame/game-server/node_modules/pomelo/lib/components/connector.js] [39m[connector-server-3] getSession session is created with session id: 9
[2019-06-26 08:14:03.868] [DEBUG] pomelo - [36m[/usr/local/games/hlbgame/game-server/node_modules/pomelo/lib/components/connector.js] [39m[connector-server-3] handleMessage session id: 9, msg: {"id":4,"type":0,"compressRoute":1,"route":"login.loginHandler.login","body":{},"compressGzip":0}
[2019-06-26 08:14:03.918] [DEBUG] pomelo - [36m[/usr/local/games/hlbgame/game-server/node_modules/pomelo/lib/components/connector.js] [39m[connector-server-3] send message reqId: 4, route: login.loginHandler.login, msg: {"code":200,"msg":"login server is ok."}, receivers: [9], opts: {"type":"response","userOptions":{},"isResponse":true}
[2019-06-26 19:14:04.873] [DEBUG] pomelo - [36m[/usr/local/games/hlbgame/game-server/node_modules/pomelo/lib/common/service/sessionService.js] [39msession on [connector-server-3] is closed with session id: 9
[2019-07-01 23:29:08.618] [INFO] pomelo - [32m[/usr/local/games/hlbgame/game-server/node_modules/pomelo/lib/application.js] [39mapplication inited: "connector-server-3"
[2019-07-01 23:29:12.622] [INFO] pomelo - [32m[/usr/local/games/hlbgame/game-server/node_modules/pomelo/lib/application.js] [39m"connector-server-3" enter after start...
[2019-07-01 23:29:12.629] [INFO] pomelo - [32m[/usr/local/games/hlbgame/game-server/node_modules/pomelo/lib/application.js] [39m"connector-server-3" finish start
[2019-07-01 23:29:12.635] [INFO] pomelo - [32m[/usr/local/games/hlbgame/game-server/node_modules/pomelo/lib/application.js] [39m"connector-server-3" startup in 3598 ms
[2019-08-12 19:17:11.731] [INFO] pomelo - [32m[/usr/local/games/hlbgame/game-server/node_modules/pomelo/lib/application.js] [39mapplication inited: "connector-server-3"
[2019-08-12 19:17:18.214] [INFO] pomelo - [32m[/usr/local/games/hlbgame/game-server/node_modules/pomelo/lib/application.js] [39m"connector-server-3" enter after start...
[2019-08-12 19:17:18.215] [DEBUG] pomelo - [36m[/usr/local/games/hlbgame/game-server/node_modules/pomelo/lib/modules/monitorwatcher.js] [39m[connector-server-3] receive addServer signal: {"action":"addServer","server":{"main":"/usr/local/games/hlbgame/game-server/app.js","env":"development","id":"connector-server-2","host":"192.168.198.128","port":4051,"clientPort":3051,"frontend":"true","serverType":"connector","pid":2685}}
[2019-08-12 19:17:18.222] [INFO] pomelo - [32m[/usr/local/games/hlbgame/game-server/node_modules/pomelo/lib/application.js] [39m"connector-server-3" finish start
[2019-08-12 19:17:18.223] [INFO] pomelo - [32m[/usr/local/games/hlbgame/game-server/node_modules/pomelo/lib/application.js] [39m"connector-server-3" startup in 5509 ms
[2019-08-12 19:17:18.375] [DEBUG] pomelo - [36m[/usr/local/games/hlbgame/game-server/node_modules/pomelo/lib/modules/monitorwatcher.js] [39m[connector-server-3] receive addServer signal: {"action":"addServer","server":{"main":"/usr/local/games/hlbgame/game-server/app.js","env":"development","id":"connector-server-1","host":"192.168.198.128","port":4050,"clientPort":3050,"frontend":"true","serverType":"connector","pid":2684}}
[2019-08-12 19:18:40.545] [INFO] pomelo - [32m[/usr/local/games/hlbgame/game-server/node_modules/pomelo/lib/application.js] [39mapplication inited: "connector-server-3"
[2019-08-12 19:18:43.212] [INFO] pomelo - [32m[/usr/local/games/hlbgame/game-server/node_modules/pomelo/lib/application.js] [39m"connector-server-3" enter after start...
[2019-08-12 19:18:43.222] [INFO] pomelo - [32m[/usr/local/games/hlbgame/game-server/node_modules/pomelo/lib/application.js] [39m"connector-server-3" finish start
[2019-08-12 19:18:43.224] [INFO] pomelo - [32m[/usr/local/games/hlbgame/game-server/node_modules/pomelo/lib/application.js] [39m"connector-server-3" startup in 2208 ms
[2019-08-12 19:25:03.582] [INFO] pomelo - [32m[/usr/local/games/hlbgame/game-server/node_modules/pomelo/lib/application.js] [39mapplication inited: "connector-server-3"
[2019-08-12 19:25:06.126] [INFO] pomelo - [32m[/usr/local/games/hlbgame/game-server/node_modules/pomelo/lib/application.js] [39m"connector-server-3" enter after start...
[2019-08-12 19:25:06.127] [DEBUG] pomelo - [36m[/usr/local/games/hlbgame/game-server/node_modules/pomelo/lib/modules/monitorwatcher.js] [39m[connector-server-3] receive addServer signal: {"action":"addServer","server":{"main":"/usr/local/games/hlbgame/game-server/app.js","env":"development","id":"login-server-2","host":"192.168.198.128","port":5051,"serverType":"login","pid":2897}}
[2019-08-12 19:25:06.142] [INFO] pomelo - [32m[/usr/local/games/hlbgame/game-server/node_modules/pomelo/lib/application.js] [39m"connector-server-3" finish start
[2019-08-12 19:25:06.142] [INFO] pomelo - [32m[/usr/local/games/hlbgame/game-server/node_modules/pomelo/lib/application.js] [39m"connector-server-3" startup in 1997 ms
[2019-08-12 19:25:06.166] [DEBUG] pomelo - [36m[/usr/local/games/hlbgame/game-server/node_modules/pomelo/lib/modules/monitorwatcher.js] [39m[connector-server-3] receive addServer signal: {"action":"addServer","server":{"main":"/usr/local/games/hlbgame/game-server/app.js","env":"development","id":"login-server-3","host":"192.168.198.128","port":5052,"serverType":"login","pid":2911}}
[2019-08-12 19:33:29.914] [INFO] pomelo - [32m[/usr/local/games/hlbgame/game-server/node_modules/pomelo/lib/application.js] [39mapplication inited: "connector-server-3"
[2019-08-12 19:33:33.225] [INFO] pomelo - [32m[/usr/local/games/hlbgame/game-server/node_modules/pomelo/lib/application.js] [39m"connector-server-3" enter after start...
[2019-08-12 19:33:33.253] [INFO] pomelo - [32m[/usr/local/games/hlbgame/game-server/node_modules/pomelo/lib/application.js] [39m"connector-server-3" finish start
[2019-08-12 19:33:33.253] [INFO] pomelo - [32m[/usr/local/games/hlbgame/game-server/node_modules/pomelo/lib/application.js] [39m"connector-server-3" startup in 2780 ms
[2019-08-12 19:37:14.040] [INFO] pomelo - [32m[/usr/local/games/hlbgame/game-server/node_modules/pomelo/lib/application.js] [39mapplication inited: "connector-server-3"
[2019-08-12 19:37:16.493] [INFO] pomelo - [32m[/usr/local/games/hlbgame/game-server/node_modules/pomelo/lib/application.js] [39m"connector-server-3" enter after start...
[2019-08-12 19:37:16.501] [INFO] pomelo - [32m[/usr/local/games/hlbgame/game-server/node_modules/pomelo/lib/application.js] [39m"connector-server-3" finish start
[2019-08-12 19:37:16.503] [INFO] pomelo - [32m[/usr/local/games/hlbgame/game-server/node_modules/pomelo/lib/application.js] [39m"connector-server-3" startup in 1991 ms
[2019-08-12 20:48:30.809] [INFO] pomelo - [32m[/usr/local/games/hlbgame/game-server/node_modules/pomelo/lib/application.js] [39mapplication inited: "connector-server-3"
[2019-08-12 20:48:34.158] [INFO] pomelo - [32m[/usr/local/games/hlbgame/game-server/node_modules/pomelo/lib/application.js] [39m"connector-server-3" enter after start...
[2019-08-12 20:48:34.165] [INFO] pomelo - [32m[/usr/local/games/hlbgame/game-server/node_modules/pomelo/lib/application.js] [39m"connector-server-3" finish start
[2019-08-12 20:48:34.175] [INFO] pomelo - [32m[/usr/local/games/hlbgame/game-server/node_modules/pomelo/lib/application.js] [39m"connector-server-3" startup in 2648 ms
[2019-08-12 20:51:46.230] [INFO] pomelo - [32m[/usr/local/games/hlbgame/game-server/node_modules/pomelo/lib/application.js] [39mapplication inited: "connector-server-3"
[2019-08-12 20:51:48.878] [INFO] pomelo - [32m[/usr/local/games/hlbgame/game-server/node_modules/pomelo/lib/application.js] [39m"connector-server-3" enter after start...
[2019-08-12 20:51:48.893] [INFO] pomelo - [32m[/usr/local/games/hlbgame/game-server/node_modules/pomelo/lib/application.js] [39m"connector-server-3" finish start
[2019-08-12 20:51:48.896] [INFO] pomelo - [32m[/usr/local/games/hlbgame/game-server/node_modules/pomelo/lib/application.js] [39m"connector-server-3" startup in 2138 ms
[2019-08-13 20:34:58.133] [INFO] pomelo - [32m[/usr/local/games/hlbgame/game-server/node_modules/pomelo/lib/application.js] [39mapplication inited: "connector-server-3"
[2019-08-13 20:35:41.533] [INFO] pomelo - [32m[/usr/local/games/hlbgame/game-server/node_modules/pomelo/lib/application.js] [39mapplication inited: "connector-server-3"
[2019-08-13 20:35:44.306] [INFO] pomelo - [32m[/usr/local/games/hlbgame/game-server/node_modules/pomelo/lib/application.js] [39m"connector-server-3" enter after start...
[2019-08-13 20:35:44.323] [INFO] pomelo - [32m[/usr/local/games/hlbgame/game-server/node_modules/pomelo/lib/application.js] [39m"connector-server-3" finish start
[2019-08-13 20:35:44.324] [INFO] pomelo - [32m[/usr/local/games/hlbgame/game-server/node_modules/pomelo/lib/application.js] [39m"connector-server-3" startup in 2315 ms
[2019-08-13 20:35:44.542] [DEBUG] pomelo - [36m[/usr/local/games/hlbgame/game-server/node_modules/pomelo/lib/modules/monitorwatcher.js] [39m[connector-server-3] receive addServer signal: {"action":"addServer","server":{"main":"/usr/local/games/hlbgame/game-server/app.js","env":"development","id":"connector-server-2","host":"192.168.198.128","port":4051,"clientPort":3051,"frontend":"true","serverType":"connector","pid":4350}}
[2019-08-13 20:37:12.706] [INFO] pomelo - [32m[/usr/local/games/hlbgame/game-server/node_modules/pomelo/lib/application.js] [39mapplication inited: "connector-server-3"
[2019-08-13 20:37:15.030] [INFO] pomelo - [32m[/usr/local/games/hlbgame/game-server/node_modules/pomelo/lib/application.js] [39m"connector-server-3" enter after start...
[2019-08-13 20:37:15.053] [INFO] pomelo - [32m[/usr/local/games/hlbgame/game-server/node_modules/pomelo/lib/application.js] [39m"connector-server-3" finish start
[2019-08-13 20:37:15.054] [INFO] pomelo - [32m[/usr/local/games/hlbgame/game-server/node_modules/pomelo/lib/application.js] [39m"connector-server-3" startup in 1869 ms
[2019-08-13 20:37:15.054] [DEBUG] pomelo - [36m[/usr/local/games/hlbgame/game-server/node_modules/pomelo/lib/modules/monitorwatcher.js] [39m[connector-server-3] receive addServer signal: {"action":"addServer","server":{"main":"/usr/local/games/hlbgame/game-server/app.js","env":"development","id":"connector-server-2","host":"192.168.198.128","port":4051,"clientPort":3051,"frontend":"true","serverType":"connector","pid":4450}}
[2019-08-13 20:38:00.008] [DEBUG] pomelo - [36m[/usr/local/games/hlbgame/game-server/node_modules/pomelo/lib/components/connector.js] [39m[connector-server-3] getSession session is created with session id: 1
[2019-08-13 20:38:00.036] [DEBUG] pomelo - [36m[/usr/local/games/hlbgame/game-server/node_modules/pomelo/lib/components/connector.js] [39m[connector-server-3] handleMessage session id: 1, msg: {"id":2,"type":0,"compressRoute":1,"route":"login.loginHandler.send","body":" enter...","compressGzip":0}
[2019-08-13 20:38:00.063] [DEBUG] pomelo - [36m[/usr/local/games/hlbgame/game-server/node_modules/pomelo/lib/components/connector.js] [39m[connector-server-3] send message reqId: 2, route: login.loginHandler.send, msg: {"route":"okkkkkkkkk"}, receivers: [1], opts: {"type":"response","userOptions":{},"isResponse":true}
[2019-08-13 20:40:39.543] [INFO] pomelo - [32m[/usr/local/games/hlbgame/game-server/node_modules/pomelo/lib/application.js] [39mapplication inited: "connector-server-3"
[2019-08-13 20:40:42.161] [INFO] pomelo - [32m[/usr/local/games/hlbgame/game-server/node_modules/pomelo/lib/application.js] [39m"connector-server-3" enter after start...
[2019-08-13 20:40:42.181] [INFO] pomelo - [32m[/usr/local/games/hlbgame/game-server/node_modules/pomelo/lib/application.js] [39m"connector-server-3" finish start
[2019-08-13 20:40:42.188] [INFO] pomelo - [32m[/usr/local/games/hlbgame/game-server/node_modules/pomelo/lib/application.js] [39m"connector-server-3" startup in 2064 ms
[2019-08-13 20:59:14.605] [INFO] pomelo - [32m[/usr/local/games/hlbgame/game-server/node_modules/pomelo/lib/application.js] [39mapplication inited: "connector-server-3"
[2019-08-13 20:59:17.550] [INFO] pomelo - [32m[/usr/local/games/hlbgame/game-server/node_modules/pomelo/lib/application.js] [39m"connector-server-3" enter after start...
[2019-08-13 20:59:17.574] [INFO] pomelo - [32m[/usr/local/games/hlbgame/game-server/node_modules/pomelo/lib/application.js] [39m"connector-server-3" finish start
[2019-08-13 20:59:17.605] [INFO] pomelo - [32m[/usr/local/games/hlbgame/game-server/node_modules/pomelo/lib/application.js] [39m"connector-server-3" startup in 2393 ms
[2019-08-13 20:59:17.647] [DEBUG] pomelo - [36m[/usr/local/games/hlbgame/game-server/node_modules/pomelo/lib/modules/monitorwatcher.js] [39m[connector-server-3] receive addServer signal: {"action":"addServer","server":{"main":"/usr/local/games/hlbgame/game-server/app.js","env":"development","id":"connector-server-2","host":"192.168.198.128","port":4051,"clientPort":3051,"frontend":"true","serverType":"connector","pid":4636}}
[2019-08-13 20:59:17.753] [DEBUG] pomelo - [36m[/usr/local/games/hlbgame/game-server/node_modules/pomelo/lib/modules/monitorwatcher.js] [39m[connector-server-3] receive addServer signal: {"action":"addServer","server":{"main":"/usr/local/games/hlbgame/game-server/app.js","env":"development","id":"connector-server-1","host":"192.168.198.128","port":4050,"clientPort":3050,"frontend":"true","serverType":"connector","pid":4634}}
[2019-08-13 21:01:12.005] [INFO] pomelo - [32m[/usr/local/games/hlbgame/game-server/node_modules/pomelo/lib/application.js] [39mapplication inited: "connector-server-3"
[2019-08-13 21:01:14.709] [INFO] pomelo - [32m[/usr/local/games/hlbgame/game-server/node_modules/pomelo/lib/application.js] [39m"connector-server-3" enter after start...
[2019-08-13 21:01:14.712] [INFO] pomelo - [32m[/usr/local/games/hlbgame/game-server/node_modules/pomelo/lib/application.js] [39m"connector-server-3" finish start
[2019-08-13 21:01:14.713] [INFO] pomelo - [32m[/usr/local/games/hlbgame/game-server/node_modules/pomelo/lib/application.js] [39m"connector-server-3" startup in 2183 ms
[2019-08-13 21:01:14.716] [DEBUG] pomelo - [36m[/usr/local/games/hlbgame/game-server/node_modules/pomelo/lib/modules/monitorwatcher.js] [39m[connector-server-3] receive addServer signal: {"action":"addServer","server":{"main":"/usr/local/games/hlbgame/game-server/app.js","env":"development","id":"connector-server-2","host":"192.168.198.128","port":4051,"clientPort":3051,"frontend":"true","serverType":"connector","pid":4731}}
[2019-08-13 21:02:00.972] [INFO] pomelo - [32m[/usr/local/games/hlbgame/game-server/node_modules/pomelo/lib/application.js] [39mapplication inited: "connector-server-3"
[2019-08-13 21:02:03.455] [INFO] pomelo - [32m[/usr/local/games/hlbgame/game-server/node_modules/pomelo/lib/application.js] [39m"connector-server-3" enter after start...
[2019-08-13 21:02:03.474] [INFO] pomelo - [32m[/usr/local/games/hlbgame/game-server/node_modules/pomelo/lib/application.js] [39m"connector-server-3" finish start
[2019-08-13 21:02:03.479] [INFO] pomelo - [32m[/usr/local/games/hlbgame/game-server/node_modules/pomelo/lib/application.js] [39m"connector-server-3" startup in 2004 ms
[2019-08-13 21:02:03.485] [DEBUG] pomelo - [36m[/usr/local/games/hlbgame/game-server/node_modules/pomelo/lib/modules/monitorwatcher.js] [39m[connector-server-3] receive addServer signal: {"action":"addServer","server":{"main":"/usr/local/games/hlbgame/game-server/app.js","env":"development","id":"connector-server-2","host":"192.168.198.128","port":4051,"clientPort":3051,"frontend":"true","serverType":"connector","pid":4827}}
[2019-08-13 21:02:03.585] [DEBUG] pomelo - [36m[/usr/local/games/hlbgame/game-server/node_modules/pomelo/lib/modules/monitorwatcher.js] [39m[connector-server-3] receive addServer signal: {"action":"addServer","server":{"main":"/usr/local/games/hlbgame/game-server/app.js","env":"development","id":"connector-server-1","host":"192.168.198.128","port":4050,"clientPort":3050,"frontend":"true","serverType":"connector","pid":4825}}
[2019-08-13 21:02:11.236] [DEBUG] pomelo - [36m[/usr/local/games/hlbgame/game-server/node_modules/pomelo/lib/components/connector.js] [39m[connector-server-3] getSession session is created with session id: 1
[2019-08-13 21:02:11.277] [DEBUG] pomelo - [36m[/usr/local/games/hlbgame/game-server/node_modules/pomelo/lib/components/connector.js] [39m[connector-server-3] handleMessage session id: 1, msg: {"id":4,"type":0,"compressRoute":1,"route":"login.loginHandler.login","body":" enter...","compressGzip":0}
[2019-08-13 21:02:11.303] [DEBUG] pomelo - [36m[/usr/local/games/hlbgame/game-server/node_modules/pomelo/lib/components/connector.js] [39m[connector-server-3] send message reqId: 4, route: login.loginHandler.login, msg: {"route":"okkkkkkkkk"}, receivers: [1], opts: {"type":"response","userOptions":{},"isResponse":true}
[2019-08-13 21:08:37.482] [INFO] pomelo - [32m[/usr/local/games/hlbgame/game-server/node_modules/pomelo/lib/application.js] [39mapplication inited: "connector-server-3"
[2019-08-13 21:08:40.257] [INFO] pomelo - [32m[/usr/local/games/hlbgame/game-server/node_modules/pomelo/lib/application.js] [39m"connector-server-3" enter after start...
[2019-08-13 21:08:40.261] [INFO] pomelo - [32m[/usr/local/games/hlbgame/game-server/node_modules/pomelo/lib/application.js] [39m"connector-server-3" finish start
[2019-08-13 21:08:40.263] [INFO] pomelo - [32m[/usr/local/games/hlbgame/game-server/node_modules/pomelo/lib/application.js] [39m"connector-server-3" startup in 2232 ms
[2019-08-13 21:08:40.325] [DEBUG] pomelo - [36m[/usr/local/games/hlbgame/game-server/node_modules/pomelo/lib/modules/monitorwatcher.js] [39m[connector-server-3] receive addServer signal: {"action":"addServer","server":{"main":"/usr/local/games/hlbgame/game-server/app.js","env":"development","id":"connector-server-1","host":"192.168.198.128","port":4050,"clientPort":3050,"frontend":"true","serverType":"connector","pid":4920}}
[2019-08-13 21:10:21.890] [INFO] pomelo - [32m[/usr/local/games/hlbgame/game-server/node_modules/pomelo/lib/application.js] [39mapplication inited: "connector-server-3"
[2019-08-13 21:10:24.526] [INFO] pomelo - [32m[/usr/local/games/hlbgame/game-server/node_modules/pomelo/lib/application.js] [39m"connector-server-3" enter after start...
[2019-08-13 21:10:24.560] [INFO] pomelo - [32m[/usr/local/games/hlbgame/game-server/node_modules/pomelo/lib/application.js] [39m"connector-server-3" finish start
[2019-08-13 21:10:24.560] [INFO] pomelo - [32m[/usr/local/games/hlbgame/game-server/node_modules/pomelo/lib/application.js] [39m"connector-server-3" startup in 2175 ms
[2019-08-13 21:10:27.391] [DEBUG] pomelo - [36m[/usr/local/games/hlbgame/game-server/node_modules/pomelo/lib/components/connector.js] [39m[connector-server-3] getSession session is created with session id: 1
[2019-08-13 21:10:27.418] [DEBUG] pomelo - [36m[/usr/local/games/hlbgame/game-server/node_modules/pomelo/lib/components/connector.js] [39m[connector-server-3] handleMessage session id: 1, msg: {"id":8,"type":0,"compressRoute":1,"route":"login.loginHandler.login","body":" enter...","compressGzip":0}
[2019-08-13 21:10:27.436] [DEBUG] pomelo - [36m[/usr/local/games/hlbgame/game-server/node_modules/pomelo/lib/components/connector.js] [39m[connector-server-3] send message reqId: 8, route: login.loginHandler.login, msg: {"route":"okkkkkkkkk"}, receivers: [1], opts: {"type":"response","userOptions":{},"isResponse":true}
[2019-08-13 21:10:49.524] [INFO] pomelo - [32m[/usr/local/games/hlbgame/game-server/node_modules/pomelo/lib/application.js] [39mapplication inited: "connector-server-3"
[2019-08-13 21:10:52.053] [INFO] pomelo - [32m[/usr/local/games/hlbgame/game-server/node_modules/pomelo/lib/application.js] [39m"connector-server-3" enter after start...
[2019-08-13 21:10:52.070] [INFO] pomelo - [32m[/usr/local/games/hlbgame/game-server/node_modules/pomelo/lib/application.js] [39m"connector-server-3" finish start
[2019-08-13 21:10:52.081] [INFO] pomelo - [32m[/usr/local/games/hlbgame/game-server/node_modules/pomelo/lib/application.js] [39m"connector-server-3" startup in 2052 ms
[2019-08-13 21:12:36.279] [INFO] pomelo - [32m[/usr/local/games/hlbgame/game-server/node_modules/pomelo/lib/application.js] [39mapplication inited: "connector-server-3"
[2019-08-13 21:12:38.894] [INFO] pomelo - [32m[/usr/local/games/hlbgame/game-server/node_modules/pomelo/lib/application.js] [39m"connector-server-3" enter after start...
[2019-08-13 21:12:38.897] [INFO] pomelo - [32m[/usr/local/games/hlbgame/game-server/node_modules/pomelo/lib/application.js] [39m"connector-server-3" finish start
[2019-08-13 21:12:38.898] [INFO] pomelo - [32m[/usr/local/games/hlbgame/game-server/node_modules/pomelo/lib/application.js] [39m"connector-server-3" startup in 2091 ms
